#
# There is insufficient memory for the Java Runtime Environment to continue.
# Native memory allocation (mmap) failed to map 18874368 bytes for G1 virtual space
# Possible reasons:
#   The system is out of physical RAM or swap space
#   The process is running with CompressedOops enabled, and the Java Heap may be blocking the growth of the native heap
# Possible solutions:
#   Reduce memory load on the system
#   Increase physical memory or swap space
#   Check if swap backing store is full
#   Decrease Java heap size (-Xmx/-Xms)
#   Decrease number of Java threads
#   Decrease Java thread stack sizes (-Xss)
#   Set larger code cache with -XX:ReservedCodeCacheSize=
#   JVM is running with Unscaled Compressed Oops mode in which the Java heap is
#     placed in the first 4GB address space. The Java Heap base address is the
#     maximum limit for the native heap growth. Please use -XX:HeapBaseMinAddress
#     to set the Java Heap base and to place the Java Heap above 4GB virtual address.
# This output file may be truncated or incomplete.
#
#  Out of Memory Error (os_windows.cpp:3536), pid=127256, tid=127948
#
# JRE version: Java(TM) SE Runtime Environment (19.0.2+7) (build 19.0.2+7-44)
# Java VM: Java HotSpot(TM) 64-Bit Server VM (19.0.2+7-44, mixed mode, sharing, tiered, compressed oops, compressed class ptrs, g1 gc, windows-amd64)
# No core dump will be written. Minidumps are not enabled by default on client versions of Windows
#

---------------  S U M M A R Y ------------

Command Line: -Dapplication.home=C:\Program Files\Java\jdk-19 --add-modules=ALL-DEFAULT -Xms8m -Djdk.module.main=jdk.compiler jdk.compiler/com.sun.tools.javac.Main -d C:\Users\SACHIN\Documents\NetBeansProjects\Travel Management System\build\classes -classpath C:\Users\SACHIN\Documents\NetBeansProjects\Travel Management System\build\classes;D:\mysql-connector-java-8.0.28.jar -sourcepath C:\Users\SACHIN\Documents\NetBeansProjects\Travel Management System\build\empty -target 19 -encoding UTF-8 -g -processorpath D:\mysql-connector-java-8.0.28.jar;C:\Users\SACHIN\Documents\NetBeansProjects\Travel Management System\build\empty -s C:\Users\SACHIN\Documents\NetBeansProjects\Travel Management System\build\generated-sources\ap-source-output -source 19 C:\Users\SACHIN\Documents\NetBeansProjects\Travel Management System\src\travel\management\system\AddCustomer.java C:\Users\SACHIN\Documents\NetBeansProjects\Travel Management System\src\travel\management\system\Conn.java C:\Users\SACHIN\Documents\NetBeansProjects\Travel Management System\src\travel\management\system\Dashboard.java C:\Users\SACHIN\Documents\NetBeansProjects\Travel Management System\src\travel\management\system\ForgetPassword.java C:\Users\SACHIN\Documents\NetBeansProjects\Travel Management System\src\travel\management\system\Loading.java C:\Users\SACHIN\Documents\NetBeansProjects\Travel Management System\src\travel\management\system\Login.java C:\Users\SACHIN\Documents\NetBeansProjects\Travel Management System\src\travel\management\system\Signup.java C:\Users\SACHIN\Documents\NetBeansProjects\Travel Management System\src\travel\management\system\Splash.java C:\Users\SACHIN\Documents\NetBeansProjects\Travel Management System\src\travel\management\system\TravelManagementSystem.java

Host: Intel(R) Core(TM) i3-10110U CPU @ 2.10GHz, 4 cores, 3G,  Windows 11 , 64 bit Build 22621 (10.0.22621.1635)
Time: Sat Jul 15 10:39:50 2023 India Standard Time elapsed time: 7.863723 seconds (0d 0h 0m 7s)

---------------  T H R E A D  ---------------

Current thread (0x0000023879f6eb70):  VMThread "VM Thread" [stack: 0x000000f94a100000,0x000000f94a200000] [id=127948]

Stack: [0x000000f94a100000,0x000000f94a200000]
Native frames: (J=compiled Java code, j=interpreted, Vv=VM code, C=native code)
V  [jvm.dll+0x6ee21a]
V  [jvm.dll+0x85765e]
V  [jvm.dll+0x85904e]
V  [jvm.dll+0x859703]
V  [jvm.dll+0x28298f]
V  [jvm.dll+0x6eb009]
V  [jvm.dll+0x6dfbaa]
V  [jvm.dll+0x3573f6]
V  [jvm.dll+0x35ee56]
V  [jvm.dll+0x3b541e]
V  [jvm.dll+0x3b564f]
V  [jvm.dll+0x32c9ea]
V  [jvm.dll+0x32ca97]
V  [jvm.dll+0x374cd2]
V  [jvm.dll+0x37340f]
V  [jvm.dll+0x32c210]
V  [jvm.dll+0x3729ab]
V  [jvm.dll+0x85ebc3]
V  [jvm.dll+0x85f989]
V  [jvm.dll+0x85febd]
V  [jvm.dll+0x86034b]
V  [jvm.dll+0x860407]
V  [jvm.dll+0x80125a]
V  [jvm.dll+0x6ecf0b]
C  [ucrtbase.dll+0x29363]
C  [KERNEL32.DLL+0x126ad]
C  [ntdll.dll+0x5a9f8]

VM_Operation (0x000000f949bfe3b0): G1CollectForAllocation, mode: safepoint, requested by thread 0x0000023877dbdfd0


---------------  P R O C E S S  ---------------

Threads class SMR info:
_java_thread_list=0x000002381b0dfd40, length=12, elements={
0x0000023877dbdfd0, 0x000002387e82da70, 0x000002387e82e640, 0x000002387e831320,
0x000002387e833d60, 0x000002387e834690, 0x000002387e834fc0, 0x000002387e839c40,
0x000002387e83b570, 0x000002387e8a6ff0, 0x0000023879f656f0, 0x000002381b0757e0
}

Java Threads: ( => current thread )
  0x0000023877dbdfd0 JavaThread "main" [_thread_blocked, id=127328, stack(0x000000f949b00000,0x000000f949c00000)]
  0x000002387e82da70 JavaThread "Reference Handler" daemon [_thread_blocked, id=128924, stack(0x000000f94a200000,0x000000f94a300000)]
  0x000002387e82e640 JavaThread "Finalizer" daemon [_thread_blocked, id=126292, stack(0x000000f94a300000,0x000000f94a400000)]
  0x000002387e831320 JavaThread "Signal Dispatcher" daemon [_thread_blocked, id=128408, stack(0x000000f94a400000,0x000000f94a500000)]
  0x000002387e833d60 JavaThread "Attach Listener" daemon [_thread_blocked, id=124272, stack(0x000000f94a500000,0x000000f94a600000)]
  0x000002387e834690 JavaThread "Service Thread" daemon [_thread_blocked, id=125360, stack(0x000000f94a600000,0x000000f94a700000)]
  0x000002387e834fc0 JavaThread "Monitor Deflation Thread" daemon [_thread_blocked, id=128816, stack(0x000000f94a700000,0x000000f94a800000)]
  0x000002387e839c40 JavaThread "C2 CompilerThread0" daemon [_thread_blocked, id=128360, stack(0x000000f94a800000,0x000000f94a900000)]
  0x000002387e83b570 JavaThread "C1 CompilerThread0" daemon [_thread_blocked, id=128508, stack(0x000000f94a900000,0x000000f94aa00000)]
  0x000002387e8a6ff0 JavaThread "Sweeper thread" daemon [_thread_blocked, id=128876, stack(0x000000f94aa00000,0x000000f94ab00000)]
  0x0000023879f656f0 JavaThread "Common-Cleaner" daemon [_thread_blocked, id=128364, stack(0x000000f94ab00000,0x000000f94ac00000)]
  0x000002381b0757e0 JavaThread "Notification Thread" daemon [_thread_blocked, id=112744, stack(0x000000f94ac00000,0x000000f94ad00000)]

Other Threads:
=>0x0000023879f6eb70 VMThread "VM Thread" [stack: 0x000000f94a100000,0x000000f94a200000] [id=127948]
  0x000002381b075d20 WatcherThread "VM Periodic Task Thread" [stack: 0x000000f94ad00000,0x000000f94ae00000] [id=123424]
  0x0000023879eec380 WorkerThread "GC Thread#0" [stack: 0x000000f949c00000,0x000000f949d00000] [id=128472]
  0x000002381b25ff90 WorkerThread "GC Thread#1" [stack: 0x000000f94ae00000,0x000000f94af00000] [id=128348]
  0x000002381b25d860 WorkerThread "GC Thread#2" [stack: 0x000000f94af00000,0x000000f94b000000] [id=127176]
  0x000002381b2eb9f0 WorkerThread "GC Thread#3" [stack: 0x000000f94b000000,0x000000f94b100000] [id=128340]
  0x0000023879ef5790 ConcurrentGCThread "G1 Main Marker" [stack: 0x000000f949d00000,0x000000f949e00000] [id=128468]
  0x0000023879ef60d0 WorkerThread "G1 Conc#0" [stack: 0x000000f949e00000,0x000000f949f00000] [id=128476]
  0x0000023879f11400 ConcurrentGCThread "G1 Refine#0" [stack: 0x000000f949f00000,0x000000f94a000000] [id=127684]
  0x0000023879f12d00 ConcurrentGCThread "G1 Service" [stack: 0x000000f94a000000,0x000000f94a100000] [id=127620]

Threads with active compile tasks:

VM state: at safepoint (normal execution)

VM Mutex/Monitor currently owned by a thread:  ([mutex/lock_event])
[0x0000023877dbab40] Threads_lock - owner thread: 0x0000023879f6eb70
[0x0000023877dbabd0] Heap_lock - owner thread: 0x0000023877dbdfd0

Heap address: 0x00000000c2800000, size: 984 MB, Compressed Oops mode: 32-bit

CDS archive(s) mapped at: [0x0000000800000000-0x0000000800c40000-0x0000000800c40000), size 12845056, SharedBaseAddress: 0x0000000800000000, ArchiveRelocationMode: 0.
Compressed class space mapped at: 0x0000000801000000-0x0000000841000000, reserved size: 1073741824
Narrow klass base: 0x0000000800000000, Narrow klass shift: 0, Narrow klass range: 0x100000000

GC Precious Log:
 CardTable entry size: 512
 Card Set container configuration: InlinePtr #cards 5 size 8 Array Of Cards #cards 12 size 40 Howl #buckets 4 coarsen threshold 1843 Howl Bitmap #cards 512 size 80 coarsen threshold 460 Card regions per heap region 1 cards per card region 2048
 CPUs: 4 total, 4 available
 Memory: 3930M
 Large Page Support: Disabled
 NUMA Support: Disabled
 Compressed Oops: Enabled (32-bit)
 Heap Region Size: 1M
 Heap Min Capacity: 8M
 Heap Initial Capacity: 8M
 Heap Max Capacity: 984M
 Pre-touch: Disabled
 Parallel Workers: 4
 Concurrent Workers: 1
 Concurrent Refinement Workers: 4
 Periodic GC: Disabled

Heap:
 garbage-first heap   total 23552K, used 10712K [0x00000000c2800000, 0x0000000100000000)
  region size 1024K, 1 young (1024K), 1 survivors (1024K)
 Metaspace       used 10551K, committed 10688K, reserved 1114112K
  class space    used 1118K, committed 1152K, reserved 1048576K

Heap Regions: E=young(eden), S=young(survivor), O=old, HS=humongous(starts), HC=humongous(continues), CS=collection set, F=free, OA=open archive, CA=closed archive, TAMS=top-at-mark-start (previous, next)
|   0|0x00000000c2800000, 0x00000000c2900000, 0x00000000c2900000|100%| O|  |TAMS 0x00000000c2900000, 0x00000000c2800000| Untracked 
|   1|0x00000000c2900000, 0x00000000c2a00000, 0x00000000c2a00000|100%| O|  |TAMS 0x00000000c2900000, 0x00000000c2900000| Untracked 
|   2|0x00000000c2a00000, 0x00000000c2b00000, 0x00000000c2b00000|100%| O|  |TAMS 0x00000000c2b00000, 0x00000000c2a00000| Untracked 
|   3|0x00000000c2b00000, 0x00000000c2c00000, 0x00000000c2c00000|100%| O|  |TAMS 0x00000000c2c00000, 0x00000000c2b00000| Untracked 
|   4|0x00000000c2c00000, 0x00000000c2d00000, 0x00000000c2d00000|100%| O|  |TAMS 0x00000000c2c14e00, 0x00000000c2c00000| Untracked 
|   5|0x00000000c2d00000, 0x00000000c2e00000, 0x00000000c2e00000|100%| O|  |TAMS 0x00000000c2d00000, 0x00000000c2d00000| Untracked 
|   6|0x00000000c2e00000, 0x00000000c2f00000, 0x00000000c2f00000|100%| O|  |TAMS 0x00000000c2e00000, 0x00000000c2e00000| Untracked 
|   7|0x00000000c2f00000, 0x00000000c3000000, 0x00000000c3000000|100%| O|  |TAMS 0x00000000c2f00000, 0x00000000c2f00000| Untracked 
|   8|0x00000000c3000000, 0x00000000c3100000, 0x00000000c3100000|100%|HS|  |TAMS 0x00000000c3000000, 0x00000000c3000000| Complete 
|   9|0x00000000c3100000, 0x00000000c3192600, 0x00000000c3200000| 57%| O|  |TAMS 0x00000000c3100000, 0x00000000c3100000| Untracked 
|  10|0x00000000c3200000, 0x00000000c3200000, 0x00000000c3300000|  0%| F|  |TAMS 0x00000000c3200000, 0x00000000c3200000| Untracked 
|  11|0x00000000c3300000, 0x00000000c3300000, 0x00000000c3400000|  0%| F|  |TAMS 0x00000000c3300000, 0x00000000c3300000| Untracked 
|  12|0x00000000c3400000, 0x00000000c3400000, 0x00000000c3500000|  0%| F|  |TAMS 0x00000000c3400000, 0x00000000c3400000| Untracked 
|  13|0x00000000c3500000, 0x00000000c3500000, 0x00000000c3600000|  0%| F|  |TAMS 0x00000000c3500000, 0x00000000c3500000| Untracked 
|  14|0x00000000c3600000, 0x00000000c3600000, 0x00000000c3700000|  0%| F|  |TAMS 0x00000000c3600000, 0x00000000c3600000| Untracked 
|  15|0x00000000c3700000, 0x00000000c3700000, 0x00000000c3800000|  0%| F|  |TAMS 0x00000000c3700000, 0x00000000c3700000| Untracked 
|  16|0x00000000c3800000, 0x00000000c38e3b40, 0x00000000c3900000| 88%| S|CS|TAMS 0x00000000c3800000, 0x00000000c3800000| Complete 
|  17|0x00000000c3900000, 0x00000000c3900000, 0x00000000c3a00000|  0%| F|  |TAMS 0x00000000c3900000, 0x00000000c3900000| Untracked 
|  18|0x00000000c3a00000, 0x00000000c3a00000, 0x00000000c3b00000|  0%| F|  |TAMS 0x00000000c3a00000, 0x00000000c3a00000| Untracked 
|  19|0x00000000c3b00000, 0x00000000c3b00000, 0x00000000c3c00000|  0%| F|  |TAMS 0x00000000c3b00000, 0x00000000c3b00000| Untracked 
|  20|0x00000000c3c00000, 0x00000000c3c00000, 0x00000000c3d00000|  0%| F|  |TAMS 0x00000000c3c00000, 0x00000000c3c00000| Untracked 
|  21|0x00000000c3d00000, 0x00000000c3d00000, 0x00000000c3e00000|  0%| F|  |TAMS 0x00000000c3d00000, 0x00000000c3d00000| Untracked 
|  22|0x00000000c3e00000, 0x00000000c3e00000, 0x00000000c3f00000|  0%| F|  |TAMS 0x00000000c3e00000, 0x00000000c3e00000| Untracked 

Card table byte_map: [0x000002387a160000,0x000002387a350000] _byte_map_base: 0x0000023879b4c000

Marking Bits (Prev, Next): (CMBitMap*) 0x0000023879eec900, (CMBitMap*) 0x0000023879eec8c0
 Prev Bits: [0x000002387b4a0000, 0x000002387c400000)
 Next Bits: [0x000002387a540000, 0x000002387b4a0000)

Polling page: 0x0000023879670000

Metaspace:

Usage:
  Non-class:      9.21 MB used.
      Class:      1.09 MB used.
       Both:     10.30 MB used.

Virtual space:
  Non-class space:       64.00 MB reserved,       9.31 MB ( 15%) committed,  1 nodes.
      Class space:        1.00 GB reserved,       1.12 MB ( <1%) committed,  1 nodes.
             Both:        1.06 GB reserved,      10.44 MB ( <1%) committed. 

Chunk freelists:
   Non-Class:  768.00 KB
       Class:  2.81 MB
        Both:  3.56 MB

MaxMetaspaceSize: unlimited
CompressedClassSpaceSize: 1.00 GB
Initial GC threshold: 21.00 MB
Current GC threshold: 21.00 MB
CDS: on
MetaspaceReclaimPolicy: balanced
 - commit_granule_bytes: 65536.
 - commit_granule_words: 8192.
 - virtual_space_node_default_size: 8388608.
 - enlarge_chunks_in_place: 1.
 - new_chunks_are_fully_committed: 0.
 - uncommit_free_chunks: 1.
 - use_allocation_guard: 0.


Internal statistics:

num_allocs_failed_limit: 0.
num_arena_births: 72.
num_arena_deaths: 0.
num_vsnodes_births: 2.
num_vsnodes_deaths: 0.
num_space_committed: 167.
num_space_uncommitted: 0.
num_chunks_returned_to_freelist: 0.
num_chunks_taken_from_freelist: 412.
num_chunk_merges: 0.
num_chunk_splits: 304.
num_chunks_enlarged: 251.
num_inconsistent_stats: 0.

CodeHeap 'non-profiled nmethods': size=120000Kb used=777Kb max_used=777Kb free=119223Kb
 bounds [0x000002380f970000, 0x000002380fbe0000, 0x0000023816ea0000]
CodeHeap 'profiled nmethods': size=120000Kb used=4773Kb max_used=4773Kb free=115226Kb
 bounds [0x0000023807ea0000, 0x0000023808350000, 0x000002380f3d0000]
CodeHeap 'non-nmethods': size=5760Kb used=1246Kb max_used=1298Kb free=4513Kb
 bounds [0x000002380f3d0000, 0x000002380f640000, 0x000002380f970000]
 total_blobs=2642 nmethods=2191 adapters=361
 compilation: enabled
              stopped_count=0, restarted_count=0
 full_count=0

Compilation events (20 events):
Event: 7.705 Thread 0x000002387e839c40 2184       4       com.sun.tools.javac.util.List::length (24 bytes)
Event: 7.707 Thread 0x000002387e839c40 nmethod 2184 0x000002380fa2de10 code [0x000002380fa2dfa0, 0x000002380fa2e058]
Event: 7.708 Thread 0x000002387e83b570 2185       3       com.sun.tools.javac.comp.TransTypes::visitIdent (129 bytes)
Event: 7.711 Thread 0x000002387e83b570 nmethod 2185 0x0000023808345a90 code [0x0000023808345d40, 0x0000023808346cb8]
Event: 7.711 Thread 0x000002387e83b570 2186       3       com.sun.tools.javac.comp.TransTypes::retype (45 bytes)
Event: 7.714 Thread 0x000002387e83b570 nmethod 2186 0x0000023808347110 code [0x0000023808347360, 0x0000023808347db8]
Event: 7.717 Thread 0x000002387e839c40 2187       4       java.util.HashMap::remove (26 bytes)
Event: 7.742 Thread 0x000002387e839c40 nmethod 2187 0x000002380fa2e110 code [0x000002380fa2e2e0, 0x000002380fa2eee8]
Event: 7.742 Thread 0x000002387e839c40 2188       4       java.util.HashMap::removeNode (291 bytes)
Event: 7.769 Thread 0x000002387e839c40 nmethod 2188 0x000002380fa2f390 code [0x000002380fa2f560, 0x000002380fa30188]
Event: 7.769 Thread 0x000002387e839c40 2189       4       com.sun.tools.javac.code.Types$12::visitClassType (10 bytes)
Event: 7.788 Thread 0x000002387e83b570 2190       3       com.sun.tools.javac.code.Scope$ScopeImpl::getSymbols (9 bytes)
Event: 7.789 Thread 0x000002387e83b570 nmethod 2190 0x0000023808348110 code [0x0000023808348300, 0x0000023808348968]
Event: 7.789 Thread 0x000002387e83b570 2191       3       com.sun.tools.javac.code.Scope$ScopeImpl$$Lambda$131/0x00000008011039e8::iterator (16 bytes)
Event: 7.789 Thread 0x000002387e83b570 nmethod 2191 0x0000023808348b90 code [0x0000023808348d40, 0x0000023808348e88]
Event: 7.790 Thread 0x000002387e83b570 2192       3       com.sun.tools.javac.code.Scope$ScopeImpl$1::<init> (54 bytes)
Event: 7.790 Thread 0x000002387e83b570 nmethod 2192 0x0000023808348f90 code [0x0000023808349160, 0x00000238083494c8]
Event: 7.791 Thread 0x000002387e839c40 nmethod 2189 0x000002380fa30610 code [0x000002380fa308a0, 0x000002380fa313c0]
Event: 7.792 Thread 0x000002387e839c40 2193       4       java.util.HashMap::afterNodeAccess (1 bytes)
Event: 7.793 Thread 0x000002387e839c40 nmethod 2193 0x000002380fa32110 code [0x000002380fa32280, 0x000002380fa322f8]

GC Heap History (20 events):
Event: 3.723 GC heap after
{Heap after GC invocations=6 (full 0):
 garbage-first heap   total 10240K, used 3109K [0x00000000c2800000, 0x0000000100000000)
  region size 1024K, 1 young (1024K), 1 survivors (1024K)
 Metaspace       used 8273K, committed 8448K, reserved 1114112K
  class space    used 894K, committed 1024K, reserved 1048576K
}
Event: 4.462 GC heap before
{Heap before GC invocations=6 (full 0):
 garbage-first heap   total 10240K, used 4133K [0x00000000c2800000, 0x0000000100000000)
  region size 1024K, 3 young (3072K), 1 survivors (1024K)
 Metaspace       used 8803K, committed 8960K, reserved 1114112K
  class space    used 958K, committed 1024K, reserved 1048576K
}
Event: 4.466 GC heap after
{Heap after GC invocations=7 (full 0):
 garbage-first heap   total 10240K, used 4130K [0x00000000c2800000, 0x0000000100000000)
  region size 1024K, 1 young (1024K), 1 survivors (1024K)
 Metaspace       used 8803K, committed 8960K, reserved 1114112K
  class space    used 958K, committed 1024K, reserved 1048576K
}
Event: 4.619 GC heap before
{Heap before GC invocations=7 (full 0):
 garbage-first heap   total 10240K, used 5154K [0x00000000c2800000, 0x0000000100000000)
  region size 1024K, 2 young (2048K), 1 survivors (1024K)
 Metaspace       used 8945K, committed 9088K, reserved 1114112K
  class space    used 975K, committed 1024K, reserved 1048576K
}
Event: 4.622 GC heap after
{Heap after GC invocations=8 (full 0):
 garbage-first heap   total 10240K, used 4340K [0x00000000c2800000, 0x0000000100000000)
  region size 1024K, 1 young (1024K), 1 survivors (1024K)
 Metaspace       used 8945K, committed 9088K, reserved 1114112K
  class space    used 975K, committed 1024K, reserved 1048576K
}
Event: 4.659 GC heap before
{Heap before GC invocations=8 (full 0):
 garbage-first heap   total 10240K, used 5364K [0x00000000c2800000, 0x0000000100000000)
  region size 1024K, 2 young (2048K), 1 survivors (1024K)
 Metaspace       used 8975K, committed 9088K, reserved 1114112K
  class space    used 979K, committed 1024K, reserved 1048576K
}
Event: 4.672 GC heap after
{Heap after GC invocations=9 (full 0):
 garbage-first heap   total 10240K, used 4482K [0x00000000c2800000, 0x0000000100000000)
  region size 1024K, 1 young (1024K), 1 survivors (1024K)
 Metaspace       used 8975K, committed 9088K, reserved 1114112K
  class space    used 979K, committed 1024K, reserved 1048576K
}
Event: 4.687 GC heap before
{Heap before GC invocations=9 (full 0):
 garbage-first heap   total 10240K, used 5506K [0x00000000c2800000, 0x0000000100000000)
  region size 1024K, 2 young (2048K), 1 survivors (1024K)
 Metaspace       used 8987K, committed 9088K, reserved 1114112K
  class space    used 979K, committed 1024K, reserved 1048576K
}
Event: 4.688 GC heap after
{Heap after GC invocations=10 (full 0):
 garbage-first heap   total 10240K, used 4545K [0x00000000c2800000, 0x0000000100000000)
  region size 1024K, 1 young (1024K), 1 survivors (1024K)
 Metaspace       used 8987K, committed 9088K, reserved 1114112K
  class space    used 979K, committed 1024K, reserved 1048576K
}
Event: 4.800 GC heap before
{Heap before GC invocations=11 (full 0):
 garbage-first heap   total 12288K, used 5569K [0x00000000c2800000, 0x0000000100000000)
  region size 1024K, 2 young (2048K), 1 survivors (1024K)
 Metaspace       used 9043K, committed 9280K, reserved 1114112K
  class space    used 987K, committed 1088K, reserved 1048576K
}
Event: 4.802 GC heap after
{Heap after GC invocations=12 (full 0):
 garbage-first heap   total 12288K, used 4644K [0x00000000c2800000, 0x0000000100000000)
  region size 1024K, 1 young (1024K), 1 survivors (1024K)
 Metaspace       used 9043K, committed 9280K, reserved 1114112K
  class space    used 987K, committed 1088K, reserved 1048576K
}
Event: 4.848 GC heap before
{Heap before GC invocations=12 (full 0):
 garbage-first heap   total 12288K, used 5668K [0x00000000c2800000, 0x0000000100000000)
  region size 1024K, 2 young (2048K), 1 survivors (1024K)
 Metaspace       used 9061K, committed 9280K, reserved 1114112K
  class space    used 987K, committed 1088K, reserved 1048576K
}
Event: 4.858 GC heap after
{Heap after GC invocations=13 (full 0):
 garbage-first heap   total 23552K, used 4713K [0x00000000c2800000, 0x0000000100000000)
  region size 1024K, 1 young (1024K), 1 survivors (1024K)
 Metaspace       used 9061K, committed 9280K, reserved 1114112K
  class space    used 987K, committed 1088K, reserved 1048576K
}
Event: 5.054 GC heap before
{Heap before GC invocations=13 (full 0):
 garbage-first heap   total 23552K, used 12905K [0x00000000c2800000, 0x0000000100000000)
  region size 1024K, 9 young (9216K), 1 survivors (1024K)
 Metaspace       used 9208K, committed 9344K, reserved 1114112K
  class space    used 1007K, committed 1088K, reserved 1048576K
}
Event: 5.063 GC heap after
{Heap after GC invocations=14 (full 0):
 garbage-first heap   total 23552K, used 5706K [0x00000000c2800000, 0x0000000100000000)
  region size 1024K, 2 young (2048K), 2 survivors (2048K)
 Metaspace       used 9208K, committed 9344K, reserved 1114112K
  class space    used 1007K, committed 1088K, reserved 1048576K
}
Event: 5.483 GC heap before
{Heap before GC invocations=14 (full 0):
 garbage-first heap   total 23552K, used 12874K [0x00000000c2800000, 0x0000000100000000)
  region size 1024K, 10 young (10240K), 2 survivors (2048K)
 Metaspace       used 9302K, committed 9472K, reserved 1114112K
  class space    used 1012K, committed 1088K, reserved 1048576K
}
Event: 5.491 GC heap after
{Heap after GC invocations=15 (full 0):
 garbage-first heap   total 23552K, used 7502K [0x00000000c2800000, 0x0000000100000000)
  region size 1024K, 2 young (2048K), 2 survivors (2048K)
 Metaspace       used 9302K, committed 9472K, reserved 1114112K
  class space    used 1012K, committed 1088K, reserved 1048576K
}
Event: 6.292 GC heap before
{Heap before GC invocations=15 (full 0):
 garbage-first heap   total 23552K, used 14670K [0x00000000c2800000, 0x0000000100000000)
  region size 1024K, 9 young (9216K), 2 survivors (2048K)
 Metaspace       used 9681K, committed 9856K, reserved 1114112K
  class space    used 1046K, committed 1088K, reserved 1048576K
}
Event: 6.315 GC heap after
{Heap after GC invocations=16 (full 0):
 garbage-first heap   total 23552K, used 8701K [0x00000000c2800000, 0x0000000100000000)
  region size 1024K, 2 young (2048K), 2 survivors (2048K)
 Metaspace       used 9681K, committed 9856K, reserved 1114112K
  class space    used 1046K, committed 1088K, reserved 1048576K
}
Event: 7.793 GC heap before
{Heap before GC invocations=16 (full 0):
 garbage-first heap   total 23552K, used 15869K [0x00000000c2800000, 0x0000000100000000)
  region size 1024K, 8 young (8192K), 2 survivors (2048K)
 Metaspace       used 10551K, committed 10688K, reserved 1114112K
  class space    used 1118K, committed 1152K, reserved 1048576K
}

Dll operation events (6 events):
Event: 0.066 Loaded shared library C:\Program Files\Java\jdk-19\bin\java.dll
Event: 0.212 Loaded shared library C:\Program Files\Java\jdk-19\bin\jsvml.dll
Event: 0.962 Loaded shared library C:\Program Files\Java\jdk-19\bin\jimage.dll
Event: 1.180 Loaded shared library C:\Program Files\Java\jdk-19\bin\net.dll
Event: 1.192 Loaded shared library C:\Program Files\Java\jdk-19\bin\nio.dll
Event: 1.291 Loaded shared library C:\Program Files\Java\jdk-19\bin\zip.dll

Deoptimization events (20 events):
Event: 6.558 Thread 0x0000023877dbdfd0 DEOPT PACKING pc=0x000002380f9b5a8c sp=0x000000f949bfefd0
Event: 6.558 Thread 0x0000023877dbdfd0 DEOPT UNPACKING pc=0x000002380f436da3 sp=0x000000f949bfef18 mode 2
Event: 6.565 Thread 0x0000023877dbdfd0 Uncommon trap: trap_request=0xffffffc6 fr.pc=0x000002380f9b5a8c relative=0x0000000000000b4c
Event: 6.565 Thread 0x0000023877dbdfd0 Uncommon trap: reason=bimorphic_or_optimized_type_check action=maybe_recompile pc=0x000002380f9b5a8c method=java.util.HashMap.putVal(ILjava/lang/Object;Ljava/lang/Object;ZZ)Ljava/lang/Object; @ 253 c2
Event: 6.565 Thread 0x0000023877dbdfd0 DEOPT PACKING pc=0x000002380f9b5a8c sp=0x000000f949bfefd0
Event: 6.565 Thread 0x0000023877dbdfd0 DEOPT UNPACKING pc=0x000002380f436da3 sp=0x000000f949bfef18 mode 2
Event: 6.569 Thread 0x0000023877dbdfd0 Uncommon trap: trap_request=0xffffff45 fr.pc=0x000002380fa0a730 relative=0x0000000000000090
Event: 6.569 Thread 0x0000023877dbdfd0 Uncommon trap: reason=unstable_if action=reinterpret pc=0x000002380fa0a730 method=com.sun.tools.javac.code.Scope$ScopeImpl$2.hasNext()Z @ 69 c2
Event: 6.569 Thread 0x0000023877dbdfd0 DEOPT PACKING pc=0x000002380fa0a730 sp=0x000000f949bfec10
Event: 6.569 Thread 0x0000023877dbdfd0 DEOPT UNPACKING pc=0x000002380f436da3 sp=0x000000f949bfeba8 mode 2
Event: 6.569 Thread 0x0000023877dbdfd0 Uncommon trap: trap_request=0xffffffc6 fr.pc=0x000002380f9b5a8c relative=0x0000000000000b4c
Event: 6.569 Thread 0x0000023877dbdfd0 Uncommon trap: reason=bimorphic_or_optimized_type_check action=maybe_recompile pc=0x000002380f9b5a8c method=java.util.HashMap.putVal(ILjava/lang/Object;Ljava/lang/Object;ZZ)Ljava/lang/Object; @ 253 c2
Event: 6.569 Thread 0x0000023877dbdfd0 DEOPT PACKING pc=0x000002380f9b5a8c sp=0x000000f949bfefd0
Event: 6.569 Thread 0x0000023877dbdfd0 DEOPT UNPACKING pc=0x000002380f436da3 sp=0x000000f949bfef18 mode 2
Event: 6.699 Thread 0x0000023877dbdfd0 DEOPT PACKING pc=0x0000023808200f94 sp=0x000000f949bfde40
Event: 6.699 Thread 0x0000023877dbdfd0 DEOPT UNPACKING pc=0x000002380f437543 sp=0x000000f949bfd398 mode 0
Event: 6.841 Thread 0x0000023877dbdfd0 Uncommon trap: trap_request=0xffffff45 fr.pc=0x000002380f9ed910 relative=0x00000000000001f0
Event: 6.841 Thread 0x0000023877dbdfd0 Uncommon trap: reason=unstable_if action=reinterpret pc=0x000002380f9ed910 method=java.lang.CharacterDataLatin1.isJavaIdentifierPart(I)Z @ 11 c2
Event: 6.841 Thread 0x0000023877dbdfd0 DEOPT PACKING pc=0x000002380f9ed910 sp=0x000000f949bfd450
Event: 6.841 Thread 0x0000023877dbdfd0 DEOPT UNPACKING pc=0x000002380f436da3 sp=0x000000f949bfd308 mode 2

Classes loaded (20 events):
Event: 4.630 Loading class java/nio/file/Files$2
Event: 4.630 Loading class java/nio/file/Files$2 done
Event: 4.631 Loading class java/util/ImmutableCollections$Access
Event: 4.631 Loading class java/util/ImmutableCollections$Access done
Event: 4.631 Loading class java/util/ImmutableCollections$Access$1
Event: 4.631 Loading class jdk/internal/access/JavaUtilCollectionAccess
Event: 4.632 Loading class jdk/internal/access/JavaUtilCollectionAccess done
Event: 4.632 Loading class java/util/ImmutableCollections$Access$1 done
Event: 4.648 Loading class java/util/stream/Nodes$SpinedNodeBuilder
Event: 4.649 Loading class java/util/stream/Nodes$SpinedNodeBuilder done
Event: 4.938 Loading class java/util/LinkedList$Node
Event: 4.938 Loading class java/util/LinkedList$Node done
Event: 4.955 Loading class java/lang/invoke/MethodHandle$1
Event: 4.959 Loading class java/lang/invoke/MethodHandle$1 done
Event: 6.599 Loading class java/util/function/ToIntBiFunction
Event: 6.600 Loading class java/util/function/ToIntBiFunction done
Event: 6.623 Loading class java/nio/file/Path$1
Event: 6.624 Loading class java/nio/file/Path$1 done
Event: 6.657 Loading class sun/nio/ch/ChannelOutputStream
Event: 6.658 Loading class sun/nio/ch/ChannelOutputStream done

Classes unloaded (0 events):
No events

Classes redefined (0 events):
No events

Internal exceptions (20 events):
Event: 4.771 Thread 0x0000023877dbdfd0 Exception <a 'java/lang/NoSuchMethodError'{0x00000000c31c86f0}: 'int java.lang.invoke.DirectMethodHandle$Holder.invokeSpecial(java.lang.Object, java.lang.Object, java.lang.Object)'> (0x00000000c31c86f0) 
thrown [s\open\src\hotspot\share\interpreter\linkResolver.cpp, line 774]
Event: 4.788 Thread 0x0000023877dbdfd0 Exception <a 'sun/nio/fs/WindowsException'{0x00000000c31d3050}> (0x00000000c31d3050) 
thrown [s\open\src\hotspot\share\prims\jni.cpp, line 517]
Event: 4.788 Thread 0x0000023877dbdfd0 Exception <a 'sun/nio/fs/WindowsException'{0x00000000c31d3380}> (0x00000000c31d3380) 
thrown [s\open\src\hotspot\share\prims\jni.cpp, line 517]
Event: 4.789 Thread 0x0000023877dbdfd0 Exception <a 'sun/nio/fs/WindowsException'{0x00000000c31d4418}> (0x00000000c31d4418) 
thrown [s\open\src\hotspot\share\prims\jni.cpp, line 517]
Event: 4.789 Thread 0x0000023877dbdfd0 Exception <a 'sun/nio/fs/WindowsException'{0x00000000c31d4748}> (0x00000000c31d4748) 
thrown [s\open\src\hotspot\share\prims\jni.cpp, line 517]
Event: 4.874 Thread 0x0000023877dbdfd0 Exception <a 'sun/nio/fs/WindowsException'{0x00000000c3dbbde8}> (0x00000000c3dbbde8) 
thrown [s\open\src\hotspot\share\prims\jni.cpp, line 517]
Event: 4.874 Thread 0x0000023877dbdfd0 Exception <a 'sun/nio/fs/WindowsException'{0x00000000c3dbc128}> (0x00000000c3dbc128) 
thrown [s\open\src\hotspot\share\prims\jni.cpp, line 517]
Event: 4.879 Thread 0x0000023877dbdfd0 Exception <a 'sun/nio/fs/WindowsException'{0x00000000c3dbd1c8}> (0x00000000c3dbd1c8) 
thrown [s\open\src\hotspot\share\prims\jni.cpp, line 517]
Event: 4.879 Thread 0x0000023877dbdfd0 Exception <a 'sun/nio/fs/WindowsException'{0x00000000c3dbd4f8}> (0x00000000c3dbd4f8) 
thrown [s\open\src\hotspot\share\prims\jni.cpp, line 517]
Event: 4.955 Thread 0x0000023877dbdfd0 Exception <a 'java/lang/NoSuchMethodError'{0x00000000c38b05a8}: 'java.lang.Object java.lang.invoke.DirectMethodHandle$Holder.invokeInterface(java.lang.Object, java.lang.Object)'> (0x00000000c38b05a8) 
thrown [s\open\src\hotspot\share\interpreter\linkResolver.cpp, line 774]
Event: 4.982 Thread 0x0000023877dbdfd0 Exception <a 'java/lang/NoSuchMethodError'{0x00000000c38c2bb8}: 'java.lang.Object java.lang.invoke.DirectMethodHandle$Holder.invokeStatic(java.lang.Object, java.lang.Object, int, int)'> (0x00000000c38c2bb8) 
thrown [s\open\src\hotspot\share\interpreter\linkResolver.cpp, line 774]
Event: 6.611 Thread 0x0000023877dbdfd0 Exception <a 'sun/nio/fs/WindowsException'{0x00000000c3dbd4c0}> (0x00000000c3dbd4c0) 
thrown [s\open\src\hotspot\share\prims\jni.cpp, line 517]
Event: 6.611 Thread 0x0000023877dbdfd0 Exception <a 'sun/nio/fs/WindowsException'{0x00000000c3dbd9b0}> (0x00000000c3dbd9b0) 
thrown [s\open\src\hotspot\share\prims\jni.cpp, line 517]
Event: 6.619 Thread 0x0000023877dbdfd0 Exception <a 'sun/nio/fs/WindowsException'{0x00000000c3dbde28}> (0x00000000c3dbde28) 
thrown [s\open\src\hotspot\share\prims\jni.cpp, line 517]
Event: 6.622 Thread 0x0000023877dbdfd0 Exception <a 'sun/nio/fs/WindowsException'{0x00000000c3dbe2f8}> (0x00000000c3dbe2f8) 
thrown [s\open\src\hotspot\share\prims\jni.cpp, line 517]
Event: 6.623 Thread 0x0000023877dbdfd0 Exception <a 'sun/nio/fs/WindowsException'{0x00000000c3dbe680}> (0x00000000c3dbe680) 
thrown [s\open\src\hotspot\share\prims\jni.cpp, line 517]
Event: 6.623 Thread 0x0000023877dbdfd0 Exception <a 'sun/nio/fs/WindowsException'{0x00000000c3dbee08}> (0x00000000c3dbee08) 
thrown [s\open\src\hotspot\share\prims\jni.cpp, line 517]
Event: 6.623 Thread 0x0000023877dbdfd0 Exception <a 'sun/nio/fs/WindowsException'{0x00000000c3dbf150}> (0x00000000c3dbf150) 
thrown [s\open\src\hotspot\share\prims\jni.cpp, line 517]
Event: 6.623 Thread 0x0000023877dbdfd0 Exception <a 'sun/nio/fs/WindowsException'{0x00000000c3dbf8d0}> (0x00000000c3dbf8d0) 
thrown [s\open\src\hotspot\share\prims\jni.cpp, line 517]
Event: 6.737 Thread 0x0000023877dbdfd0 Exception <a 'sun/nio/fs/WindowsException'{0x00000000c3c667c8}> (0x00000000c3c667c8) 
thrown [s\open\src\hotspot\share\prims\jni.cpp, line 517]

VM Operations (20 events):
Event: 4.858 Executing VM operation: G1CollectForAllocation done
Event: 5.054 Executing VM operation: G1CollectForAllocation
Event: 5.064 Executing VM operation: G1CollectForAllocation done
Event: 5.483 Executing VM operation: G1CollectForAllocation
Event: 5.492 Executing VM operation: G1CollectForAllocation done
Event: 6.186 Executing VM operation: HandshakeAllThreads
Event: 6.186 Executing VM operation: HandshakeAllThreads done
Event: 6.291 Executing VM operation: G1CollectForAllocation
Event: 6.315 Executing VM operation: G1CollectForAllocation done
Event: 6.688 Executing VM operation: HandshakeAllThreads
Event: 6.688 Executing VM operation: HandshakeAllThreads done
Event: 6.698 Executing VM operation: HandshakeAllThreads
Event: 6.698 Executing VM operation: HandshakeAllThreads done
Event: 6.703 Executing VM operation: ICBufferFull
Event: 6.704 Executing VM operation: ICBufferFull done
Event: 6.857 Executing VM operation: HandshakeAllThreads
Event: 6.857 Executing VM operation: HandshakeAllThreads done
Event: 7.338 Executing VM operation: ICBufferFull
Event: 7.338 Executing VM operation: ICBufferFull done
Event: 7.793 Executing VM operation: G1CollectForAllocation

Events (12 events):
Event: 0.216 Thread 0x0000023877dbdfd0 Thread added: 0x0000023877dbdfd0
Event: 0.442 Thread 0x000002387e82da70 Thread added: 0x000002387e82da70
Event: 0.443 Thread 0x000002387e82e640 Thread added: 0x000002387e82e640
Event: 0.447 Thread 0x000002387e831320 Thread added: 0x000002387e831320
Event: 0.447 Thread 0x000002387e833d60 Thread added: 0x000002387e833d60
Event: 0.447 Thread 0x000002387e834690 Thread added: 0x000002387e834690
Event: 0.447 Thread 0x000002387e834fc0 Thread added: 0x000002387e834fc0
Event: 0.447 Thread 0x000002387e839c40 Thread added: 0x000002387e839c40
Event: 0.448 Thread 0x000002387e83b570 Thread added: 0x000002387e83b570
Event: 0.459 Thread 0x000002387e8a6ff0 Thread added: 0x000002387e8a6ff0
Event: 0.725 Thread 0x0000023879f656f0 Thread added: 0x0000023879f656f0
Event: 0.881 Thread 0x000002381b0757e0 Thread added: 0x000002381b0757e0


Dynamic libraries:
0x00007ff7e26e0000 - 0x00007ff7e26e8000 	C:\Program Files\Java\jdk-19\bin\javac.exe
0x00007ffb46690000 - 0x00007ffb468a4000 	C:\WINDOWS\SYSTEM32\ntdll.dll
0x00007ffb44590000 - 0x00007ffb44652000 	C:\WINDOWS\System32\KERNEL32.DLL
0x00007ffb43ab0000 - 0x00007ffb43e53000 	C:\WINDOWS\System32\KERNELBASE.dll
0x00007ffb43e60000 - 0x00007ffb43f71000 	C:\WINDOWS\System32\ucrtbase.dll
0x00007ffb0fdd0000 - 0x00007ffb0fdeb000 	C:\Program Files\Java\jdk-19\bin\VCRUNTIME140.dll
0x00007ffb01f40000 - 0x00007ffb01f58000 	C:\Program Files\Java\jdk-19\bin\jli.dll
0x00007ffb462a0000 - 0x00007ffb4634e000 	C:\WINDOWS\System32\ADVAPI32.dll
0x00007ffb45480000 - 0x00007ffb45527000 	C:\WINDOWS\System32\msvcrt.dll
0x00007ffb44d50000 - 0x00007ffb44df4000 	C:\WINDOWS\System32\sechost.dll
0x00007ffb46350000 - 0x00007ffb46467000 	C:\WINDOWS\System32\RPCRT4.dll
0x00007ffb44790000 - 0x00007ffb4493b000 	C:\WINDOWS\System32\USER32.dll
0x00007ffb443e0000 - 0x00007ffb44406000 	C:\WINDOWS\System32\win32u.dll
0x00007ffb44e50000 - 0x00007ffb44e79000 	C:\WINDOWS\System32\GDI32.dll
0x00007ffb43ff0000 - 0x00007ffb44108000 	C:\WINDOWS\System32\gdi32full.dll
0x00007ffb2ff80000 - 0x00007ffb3020e000 	C:\WINDOWS\WinSxS\amd64_microsoft.windows.common-controls_6595b64144ccf1df_6.0.22621.1635_none_270f70857386168e\COMCTL32.dll
0x00007ffb44280000 - 0x00007ffb4431a000 	C:\WINDOWS\System32\msvcp_win.dll
0x00007ffb37440000 - 0x00007ffb3744a000 	C:\WINDOWS\SYSTEM32\VERSION.dll
0x00007ffb44940000 - 0x00007ffb44971000 	C:\WINDOWS\System32\IMM32.DLL
0x00007ffb36520000 - 0x00007ffb3652c000 	C:\Program Files\Java\jdk-19\bin\vcruntime140_1.dll
0x00007ffafc910000 - 0x00007ffafc99e000 	C:\Program Files\Java\jdk-19\bin\msvcp140.dll
0x00007ffaee590000 - 0x00007ffaef250000 	C:\Program Files\Java\jdk-19\bin\server\jvm.dll
0x00007ffb36100000 - 0x00007ffb36134000 	C:\WINDOWS\SYSTEM32\WINMM.dll
0x00007ffb2d100000 - 0x00007ffb2d109000 	C:\WINDOWS\SYSTEM32\WSOCK32.dll
0x00007ffb465d0000 - 0x00007ffb46641000 	C:\WINDOWS\System32\WS2_32.dll
0x00007ffb42b00000 - 0x00007ffb42b18000 	C:\WINDOWS\SYSTEM32\kernel.appcore.dll
0x00007ffb2d9f0000 - 0x00007ffb2d9fa000 	C:\Program Files\Java\jdk-19\bin\jimage.dll
0x00007ffb38650000 - 0x00007ffb3887e000 	C:\WINDOWS\SYSTEM32\DBGHELP.DLL
0x00007ffb45530000 - 0x00007ffb458b9000 	C:\WINDOWS\System32\combase.dll
0x00007ffb44e80000 - 0x00007ffb44f57000 	C:\WINDOWS\System32\OLEAUT32.dll
0x00007ffb38090000 - 0x00007ffb380c2000 	C:\WINDOWS\SYSTEM32\dbgcore.DLL
0x00007ffb44410000 - 0x00007ffb4448b000 	C:\WINDOWS\System32\bcryptPrimitives.dll
0x00007ffb0f9d0000 - 0x00007ffb0f9f6000 	C:\Program Files\Java\jdk-19\bin\java.dll
0x00007ffaefd40000 - 0x00007ffaefe17000 	C:\Program Files\Java\jdk-19\bin\jsvml.dll
0x00007ffb45a10000 - 0x00007ffb4620a000 	C:\WINDOWS\System32\SHELL32.dll
0x00007ffb41ab0000 - 0x00007ffb4237e000 	C:\WINDOWS\SYSTEM32\windows.storage.dll
0x00007ffb41970000 - 0x00007ffb41aae000 	C:\WINDOWS\SYSTEM32\wintypes.dll
0x00007ffb46470000 - 0x00007ffb46561000 	C:\WINDOWS\System32\SHCORE.dll
0x00007ffb44b50000 - 0x00007ffb44bae000 	C:\WINDOWS\System32\shlwapi.dll
0x00007ffb439e0000 - 0x00007ffb43a01000 	C:\WINDOWS\SYSTEM32\profapi.dll
0x00007ffb0fcc0000 - 0x00007ffb0fcd3000 	C:\Program Files\Java\jdk-19\bin\net.dll
0x00007ffb37300000 - 0x00007ffb37437000 	C:\WINDOWS\SYSTEM32\WINHTTP.dll
0x00007ffb42f70000 - 0x00007ffb42fd9000 	C:\WINDOWS\system32\mswsock.dll
0x00007ffb0f9b0000 - 0x00007ffb0f9c6000 	C:\Program Files\Java\jdk-19\bin\nio.dll
0x00007ffb0f990000 - 0x00007ffb0f9a8000 	C:\Program Files\Java\jdk-19\bin\zip.dll

dbghelp: loaded successfully - version: 4.0.5 - missing functions: none
symbol engine: initialized successfully - sym options: 0x614 - pdb path: .;C:\Program Files\Java\jdk-19\bin;C:\WINDOWS\SYSTEM32;C:\WINDOWS\WinSxS\amd64_microsoft.windows.common-controls_6595b64144ccf1df_6.0.22621.1635_none_270f70857386168e;C:\Program Files\Java\jdk-19\bin\server

VM Arguments:
jvm_args: -Dapplication.home=C:\Program Files\Java\jdk-19 --add-modules=ALL-DEFAULT -Xms8m -Djdk.module.main=jdk.compiler 
java_command: jdk.compiler/com.sun.tools.javac.Main -d C:\Users\SACHIN\Documents\NetBeansProjects\Travel Management System\build\classes -classpath C:\Users\SACHIN\Documents\NetBeansProjects\Travel Management System\build\classes;D:\mysql-connector-java-8.0.28.jar -sourcepath C:\Users\SACHIN\Documents\NetBeansProjects\Travel Management System\build\empty -target 19 -encoding UTF-8 -g -processorpath D:\mysql-connector-java-8.0.28.jar;C:\Users\SACHIN\Documents\NetBeansProjects\Travel Management System\build\empty -s C:\Users\SACHIN\Documents\NetBeansProjects\Travel Management System\build\generated-sources\ap-source-output -source 19 C:\Users\SACHIN\Documents\NetBeansProjects\Travel Management System\src\travel\management\system\AddCustomer.java C:\Users\SACHIN\Documents\NetBeansProjects\Travel Management System\src\travel\management\system\Conn.java C:\Users\SACHIN\Documents\NetBeansProjects\Travel Management System\src\travel\management\system\Dashboard.java C:\Users\SACHIN\Documents\NetBeansProjects\Travel Management System\src\travel\management\system\ForgetPassword.java C:\Users\SACHIN\Documents\NetBeansProjects\Travel Management System\src\travel\management\system\Loading.java C:\Users\SACHIN\Documents\NetBeansProjects\Travel Management System\src\travel\management\system\Login.java C:\Users\SACHIN\Documents\NetBeansProjects\Travel Management System\src\travel\management\system\Signup.java C:\Users\SACHIN\Documents\NetBeansProjects\Travel Management System\src\travel\management\system\Splash.java C:\Users\SACHIN\Documents\NetBeansProjects\Travel Management System\src\travel\management\system\TravelManagementSystem.java
java_class_path (initial): <not set>
Launcher Type: SUN_STANDARD

[Global flags]
     intx CICompilerCount                          = 3                                         {product} {ergonomic}
     uint ConcGCThreads                            = 1                                         {product} {ergonomic}
     uint G1ConcRefinementThreads                  = 4                                         {product} {ergonomic}
   size_t G1HeapRegionSize                         = 1048576                                   {product} {ergonomic}
    uintx GCDrainStackTargetSize                   = 64                                        {product} {ergonomic}
   size_t InitialHeapSize                          = 8388608                                   {product} {command line}
   size_t MarkStackSize                            = 4194304                                   {product} {ergonomic}
   size_t MaxHeapSize                              = 1031798784                                {product} {ergonomic}
   size_t MaxNewSize                               = 618659840                                 {product} {ergonomic}
   size_t MinHeapDeltaBytes                        = 1048576                                   {product} {ergonomic}
   size_t MinHeapSize                              = 8388608                                   {product} {command line}
    uintx NonNMethodCodeHeapSize                   = 5832780                                {pd product} {ergonomic}
    uintx NonProfiledCodeHeapSize                  = 122912730                              {pd product} {ergonomic}
    uintx ProfiledCodeHeapSize                     = 122912730                              {pd product} {ergonomic}
    uintx ReservedCodeCacheSize                    = 251658240                              {pd product} {ergonomic}
     bool SegmentedCodeCache                       = true                                      {product} {ergonomic}
   size_t SoftMaxHeapSize                          = 1031798784                             {manageable} {ergonomic}
     bool UseCompressedClassPointers               = true                           {product lp64_product} {ergonomic}
     bool UseCompressedOops                        = true                           {product lp64_product} {ergonomic}
     bool UseG1GC                                  = true                                      {product} {ergonomic}
     bool UseLargePagesIndividualAllocation        = false                                  {pd product} {ergonomic}

Logging:
Log output configuration:
 #0: stdout all=warning uptime,level,tags foldmultilines=false
 #1: stderr all=off uptime,level,tags foldmultilines=false

Environment Variables:
PATH=C:\Program Files\Common Files\Oracle\Java\javapath;C:\WINDOWS\system32;C:\WINDOWS;C:\WINDOWS\System32\Wbem;C:\WINDOWS\System32\WindowsPowerShell\v1.0\;C:\WINDOWS\System32\OpenSSH\;C:\Program Files\MySQL\MySQL Server 8.0\bin;C:\Program Files\Java\jdk-19\bin;C:\Program Files\Java\jdk-19\bin;C:\Program Files\MySQL\MySQL Shell 8.0\bin\;C:\Users\SACHIN\AppData\Local\Programs\Python\Python311\Scripts\;C:\Users\SACHIN\AppData\Local\Programs\Python\Python311\;C:\Users\SACHIN\AppData\Local\Microsoft\WindowsApps;;C:\Users\SACHIN\AppData\Local\Programs\Microsoft VS Code\bin
USERNAME=SACHIN
OS=Windows_NT
PROCESSOR_IDENTIFIER=Intel64 Family 6 Model 142 Stepping 12, GenuineIntel
TMP=C:\Users\SACHIN\AppData\Local\Temp
TEMP=C:\Users\SACHIN\AppData\Local\Temp



---------------  S Y S T E M  ---------------

OS:
 Windows 11 , 64 bit Build 22621 (10.0.22621.1635)
OS uptime: 32 days 18:19 hours

CPU: total 4 (initial active 4) (2 cores per cpu, 2 threads per core) family 6 model 142 stepping 12 microcode 0xea, cx8, cmov, fxsr, ht, mmx, 3dnowpref, sse, sse2, sse3, ssse3, sse4.1, sse4.2, popcnt, lzcnt, tsc, tscinvbit, avx, avx2, aes, erms, clmul, bmi1, bmi2, adx, fma, vzeroupper, clflush, clflushopt, rdtscp

Memory: 4k page, system-wide physical 3930M (15M free)
TotalPageFile size 16218M (AvailPageFile size 21M)
current process WorkingSet (physical memory assigned to process): 64M, peak: 67M
current process commit charge ("private bytes"): 115M, peak: 133M

vm_info: Java HotSpot(TM) 64-Bit Server VM (19.0.2+7-44) for windows-amd64 JRE (19.0.2+7-44), built on 2022-11-30T18:02:09Z by "mach5one" with MS VC++ 17.1 (VS2022)

END.
