#
# There is insufficient memory for the Java Runtime Environment to continue.
# Native memory allocation (malloc) failed to allocate 270704 bytes for Chunk::new
# Possible reasons:
#   The system is out of physical RAM or swap space
#   The process is running with CompressedOops enabled, and the Java Heap may be blocking the growth of the native heap
# Possible solutions:
#   Reduce memory load on the system
#   Increase physical memory or swap space
#   Check if swap backing store is full
#   Decrease Java heap size (-Xmx/-Xms)
#   Decrease number of Java threads
#   Decrease Java thread stack sizes (-Xss)
#   Set larger code cache with -XX:ReservedCodeCacheSize=
#   JVM is running with Unscaled Compressed Oops mode in which the Java heap is
#     placed in the first 4GB address space. The Java Heap base address is the
#     maximum limit for the native heap growth. Please use -XX:HeapBaseMinAddress
#     to set the Java Heap base and to place the Java Heap above 4GB virtual address.
# This output file may be truncated or incomplete.
#
#  Out of Memory Error (arena.cpp:184), pid=123596, tid=125464
#
# JRE version: Java(TM) SE Runtime Environment (19.0.2+7) (build 19.0.2+7-44)
# Java VM: Java HotSpot(TM) 64-Bit Server VM (19.0.2+7-44, mixed mode, sharing, tiered, compressed oops, compressed class ptrs, g1 gc, windows-amd64)
# No core dump will be written. Minidumps are not enabled by default on client versions of Windows
#

---------------  S U M M A R Y ------------

Command Line: -Dfile.encoding=UTF-8 --module-path=C:\Users\SACHIN\Documents\NetBeansProjects\Travel Management System\build\classes travel.management.system.AddCustomer

Host: Intel(R) Core(TM) i3-10110U CPU @ 2.10GHz, 4 cores, 3G,  Windows 11 , 64 bit Build 22621 (10.0.22621.1635)
Time: Sat Jul 15 10:39:30 2023 India Standard Time elapsed time: 0.976686 seconds (0d 0h 0m 0s)

---------------  T H R E A D  ---------------

Current thread (0x0000019f447eff20):  JavaThread "C2 CompilerThread0" daemon [_thread_in_native, id=125464, stack(0x000000434fe00000,0x000000434ff00000)]


Current CompileTask:
C2:    976  605       4       java.util.HashMap::resize (356 bytes)

Stack: [0x000000434fe00000,0x000000434ff00000]
Native frames: (J=compiled Java code, j=interpreted, Vv=VM code, C=native code)
V  [jvm.dll+0x6ee21a]
V  [jvm.dll+0x85765e]
V  [jvm.dll+0x85904e]
V  [jvm.dll+0x859703]
V  [jvm.dll+0x28298f]
V  [jvm.dll+0xc9adf]
V  [jvm.dll+0xc9e65]
V  [jvm.dll+0x3bca4c]
V  [jvm.dll+0x3860e1]
V  [jvm.dll+0x38555a]
V  [jvm.dll+0x24c3d9]
V  [jvm.dll+0x24b781]
V  [jvm.dll+0x1d6ce1]
V  [jvm.dll+0x25b25a]
V  [jvm.dll+0x2596e8]
V  [jvm.dll+0x807588]
V  [jvm.dll+0x80125a]
V  [jvm.dll+0x6ecf0b]
C  [ucrtbase.dll+0x29363]
C  [KERNEL32.DLL+0x126ad]
C  [ntdll.dll+0x5a9f8]


---------------  P R O C E S S  ---------------

Threads class SMR info:
_java_thread_list=0x0000019f48f36db0, length=16, elements={
0x0000019f28f85430, 0x0000019f447e1f20, 0x0000019f447e2af0, 0x0000019f447e7b40,
0x0000019f447e8670, 0x0000019f447eb150, 0x0000019f447ebc20, 0x0000019f447eff20,
0x0000019f447fcc00, 0x0000019f447fd570, 0x0000019f447cd3c0, 0x0000019f48db6130,
0x0000019f48ea0f10, 0x0000019f48ea3f10, 0x0000019f48ea8f20, 0x0000019f48ef4460
}

Java Threads: ( => current thread )
  0x0000019f28f85430 JavaThread "main" [_thread_in_vm, id=108528, stack(0x000000434f100000,0x000000434f200000)]
  0x0000019f447e1f20 JavaThread "Reference Handler" daemon [_thread_blocked, id=127492, stack(0x000000434f800000,0x000000434f900000)]
  0x0000019f447e2af0 JavaThread "Finalizer" daemon [_thread_blocked, id=128180, stack(0x000000434f900000,0x000000434fa00000)]
  0x0000019f447e7b40 JavaThread "Signal Dispatcher" daemon [_thread_blocked, id=127828, stack(0x000000434fa00000,0x000000434fb00000)]
  0x0000019f447e8670 JavaThread "Attach Listener" daemon [_thread_blocked, id=128884, stack(0x000000434fb00000,0x000000434fc00000)]
  0x0000019f447eb150 JavaThread "Service Thread" daemon [_thread_blocked, id=127296, stack(0x000000434fc00000,0x000000434fd00000)]
  0x0000019f447ebc20 JavaThread "Monitor Deflation Thread" daemon [_thread_blocked, id=127820, stack(0x000000434fd00000,0x000000434fe00000)]
=>0x0000019f447eff20 JavaThread "C2 CompilerThread0" daemon [_thread_in_native, id=125464, stack(0x000000434fe00000,0x000000434ff00000)]
  0x0000019f447fcc00 JavaThread "C1 CompilerThread0" daemon [_thread_blocked, id=127140, stack(0x000000434ff00000,0x0000004350000000)]
  0x0000019f447fd570 JavaThread "Sweeper thread" daemon [_thread_blocked, id=128384, stack(0x0000004350000000,0x0000004350100000)]
  0x0000019f447cd3c0 JavaThread "Common-Cleaner" daemon [_thread_blocked, id=127984, stack(0x0000004350100000,0x0000004350200000)]
  0x0000019f48db6130 JavaThread "Notification Thread" daemon [_thread_blocked, id=126960, stack(0x0000004350200000,0x0000004350300000)]
  0x0000019f48ea0f10 JavaThread "Java2D Disposer" daemon [_thread_blocked, id=110408, stack(0x0000004350400000,0x0000004350500000)]
  0x0000019f48ea3f10 JavaThread "AWT-Shutdown" [_thread_blocked, id=128660, stack(0x0000004350500000,0x0000004350600000)]
  0x0000019f48ea8f20 JavaThread "AWT-Windows" daemon [_thread_in_native, id=125344, stack(0x0000004350600000,0x0000004350700000)]
  0x0000019f48ef4460 JavaThread "AWT-EventQueue-0" [_thread_blocked, id=117324, stack(0x0000004350700000,0x0000004350800000)]

Other Threads:
  0x0000019f2904c660 VMThread "VM Thread" [stack: 0x000000434f700000,0x000000434f800000] [id=128396]
  0x0000019f48d62c50 WatcherThread "VM Periodic Task Thread" [stack: 0x0000004350300000,0x0000004350400000] [id=119996]
  0x0000019f28fc6210 WorkerThread "GC Thread#0" [stack: 0x000000434f200000,0x000000434f300000] [id=128888]
  0x0000019f28fcf710 ConcurrentGCThread "G1 Main Marker" [stack: 0x000000434f300000,0x000000434f400000] [id=127860]
  0x0000019f28fd0140 WorkerThread "G1 Conc#0" [stack: 0x000000434f400000,0x000000434f500000] [id=128940]
  0x0000019f29027f50 ConcurrentGCThread "G1 Refine#0" [stack: 0x000000434f500000,0x000000434f600000] [id=128460]
  0x0000019f29028930 ConcurrentGCThread "G1 Service" [stack: 0x000000434f600000,0x000000434f700000] [id=127896]

Threads with active compile tasks:
C2 CompilerThread0     1040  605       4       java.util.HashMap::resize (356 bytes)

VM state: not at safepoint (normal execution)

VM Mutex/Monitor currently owned by a thread: None

Heap address: 0x00000000c2800000, size: 984 MB, Compressed Oops mode: 32-bit

CDS archive(s) mapped at: [0x0000000800000000-0x0000000800c40000-0x0000000800c40000), size 12845056, SharedBaseAddress: 0x0000000800000000, ArchiveRelocationMode: 0.
Compressed class space mapped at: 0x0000000801000000-0x0000000841000000, reserved size: 1073741824
Narrow klass base: 0x0000000800000000, Narrow klass shift: 0, Narrow klass range: 0x100000000

GC Precious Log:
 CardTable entry size: 512
 Card Set container configuration: InlinePtr #cards 5 size 8 Array Of Cards #cards 12 size 40 Howl #buckets 4 coarsen threshold 1843 Howl Bitmap #cards 512 size 80 coarsen threshold 460 Card regions per heap region 1 cards per card region 2048
 CPUs: 4 total, 4 available
 Memory: 3930M
 Large Page Support: Disabled
 NUMA Support: Disabled
 Compressed Oops: Enabled (32-bit)
 Heap Region Size: 1M
 Heap Min Capacity: 8M
 Heap Initial Capacity: 62M
 Heap Max Capacity: 984M
 Pre-touch: Disabled
 Parallel Workers: 4
 Concurrent Workers: 1
 Concurrent Refinement Workers: 4
 Periodic GC: Disabled

Heap:
 garbage-first heap   total 63488K, used 6144K [0x00000000c2800000, 0x0000000100000000)
  region size 1024K, 7 young (7168K), 0 survivors (0K)
 Metaspace       used 6972K, committed 7168K, reserved 1114112K
  class space    used 842K, committed 960K, reserved 1048576K

Heap Regions: E=young(eden), S=young(survivor), O=old, HS=humongous(starts), HC=humongous(continues), CS=collection set, F=free, OA=open archive, CA=closed archive, TAMS=top-at-mark-start (previous, next)
|   0|0x00000000c2800000, 0x00000000c2800000, 0x00000000c2900000|  0%| F|  |TAMS 0x00000000c2800000, 0x00000000c2800000| Untracked 
|   1|0x00000000c2900000, 0x00000000c2900000, 0x00000000c2a00000|  0%| F|  |TAMS 0x00000000c2900000, 0x00000000c2900000| Untracked 
|   2|0x00000000c2a00000, 0x00000000c2a00000, 0x00000000c2b00000|  0%| F|  |TAMS 0x00000000c2a00000, 0x00000000c2a00000| Untracked 
|   3|0x00000000c2b00000, 0x00000000c2b00000, 0x00000000c2c00000|  0%| F|  |TAMS 0x00000000c2b00000, 0x00000000c2b00000| Untracked 
|   4|0x00000000c2c00000, 0x00000000c2c00000, 0x00000000c2d00000|  0%| F|  |TAMS 0x00000000c2c00000, 0x00000000c2c00000| Untracked 
|   5|0x00000000c2d00000, 0x00000000c2d00000, 0x00000000c2e00000|  0%| F|  |TAMS 0x00000000c2d00000, 0x00000000c2d00000| Untracked 
|   6|0x00000000c2e00000, 0x00000000c2e00000, 0x00000000c2f00000|  0%| F|  |TAMS 0x00000000c2e00000, 0x00000000c2e00000| Untracked 
|   7|0x00000000c2f00000, 0x00000000c2f00000, 0x00000000c3000000|  0%| F|  |TAMS 0x00000000c2f00000, 0x00000000c2f00000| Untracked 
|   8|0x00000000c3000000, 0x00000000c3000000, 0x00000000c3100000|  0%| F|  |TAMS 0x00000000c3000000, 0x00000000c3000000| Untracked 
|   9|0x00000000c3100000, 0x00000000c3100000, 0x00000000c3200000|  0%| F|  |TAMS 0x00000000c3100000, 0x00000000c3100000| Untracked 
|  10|0x00000000c3200000, 0x00000000c3200000, 0x00000000c3300000|  0%| F|  |TAMS 0x00000000c3200000, 0x00000000c3200000| Untracked 
|  11|0x00000000c3300000, 0x00000000c3300000, 0x00000000c3400000|  0%| F|  |TAMS 0x00000000c3300000, 0x00000000c3300000| Untracked 
|  12|0x00000000c3400000, 0x00000000c3400000, 0x00000000c3500000|  0%| F|  |TAMS 0x00000000c3400000, 0x00000000c3400000| Untracked 
|  13|0x00000000c3500000, 0x00000000c3500000, 0x00000000c3600000|  0%| F|  |TAMS 0x00000000c3500000, 0x00000000c3500000| Untracked 
|  14|0x00000000c3600000, 0x00000000c3600000, 0x00000000c3700000|  0%| F|  |TAMS 0x00000000c3600000, 0x00000000c3600000| Untracked 
|  15|0x00000000c3700000, 0x00000000c3700000, 0x00000000c3800000|  0%| F|  |TAMS 0x00000000c3700000, 0x00000000c3700000| Untracked 
|  16|0x00000000c3800000, 0x00000000c3800000, 0x00000000c3900000|  0%| F|  |TAMS 0x00000000c3800000, 0x00000000c3800000| Untracked 
|  17|0x00000000c3900000, 0x00000000c3900000, 0x00000000c3a00000|  0%| F|  |TAMS 0x00000000c3900000, 0x00000000c3900000| Untracked 
|  18|0x00000000c3a00000, 0x00000000c3a00000, 0x00000000c3b00000|  0%| F|  |TAMS 0x00000000c3a00000, 0x00000000c3a00000| Untracked 
|  19|0x00000000c3b00000, 0x00000000c3b00000, 0x00000000c3c00000|  0%| F|  |TAMS 0x00000000c3b00000, 0x00000000c3b00000| Untracked 
|  20|0x00000000c3c00000, 0x00000000c3c00000, 0x00000000c3d00000|  0%| F|  |TAMS 0x00000000c3c00000, 0x00000000c3c00000| Untracked 
|  21|0x00000000c3d00000, 0x00000000c3d00000, 0x00000000c3e00000|  0%| F|  |TAMS 0x00000000c3d00000, 0x00000000c3d00000| Untracked 
|  22|0x00000000c3e00000, 0x00000000c3e00000, 0x00000000c3f00000|  0%| F|  |TAMS 0x00000000c3e00000, 0x00000000c3e00000| Untracked 
|  23|0x00000000c3f00000, 0x00000000c3f00000, 0x00000000c4000000|  0%| F|  |TAMS 0x00000000c3f00000, 0x00000000c3f00000| Untracked 
|  24|0x00000000c4000000, 0x00000000c4000000, 0x00000000c4100000|  0%| F|  |TAMS 0x00000000c4000000, 0x00000000c4000000| Untracked 
|  25|0x00000000c4100000, 0x00000000c4100000, 0x00000000c4200000|  0%| F|  |TAMS 0x00000000c4100000, 0x00000000c4100000| Untracked 
|  26|0x00000000c4200000, 0x00000000c4200000, 0x00000000c4300000|  0%| F|  |TAMS 0x00000000c4200000, 0x00000000c4200000| Untracked 
|  27|0x00000000c4300000, 0x00000000c4300000, 0x00000000c4400000|  0%| F|  |TAMS 0x00000000c4300000, 0x00000000c4300000| Untracked 
|  28|0x00000000c4400000, 0x00000000c4400000, 0x00000000c4500000|  0%| F|  |TAMS 0x00000000c4400000, 0x00000000c4400000| Untracked 
|  29|0x00000000c4500000, 0x00000000c4500000, 0x00000000c4600000|  0%| F|  |TAMS 0x00000000c4500000, 0x00000000c4500000| Untracked 
|  30|0x00000000c4600000, 0x00000000c4600000, 0x00000000c4700000|  0%| F|  |TAMS 0x00000000c4600000, 0x00000000c4600000| Untracked 
|  31|0x00000000c4700000, 0x00000000c4700000, 0x00000000c4800000|  0%| F|  |TAMS 0x00000000c4700000, 0x00000000c4700000| Untracked 
|  32|0x00000000c4800000, 0x00000000c4800000, 0x00000000c4900000|  0%| F|  |TAMS 0x00000000c4800000, 0x00000000c4800000| Untracked 
|  33|0x00000000c4900000, 0x00000000c4900000, 0x00000000c4a00000|  0%| F|  |TAMS 0x00000000c4900000, 0x00000000c4900000| Untracked 
|  34|0x00000000c4a00000, 0x00000000c4a00000, 0x00000000c4b00000|  0%| F|  |TAMS 0x00000000c4a00000, 0x00000000c4a00000| Untracked 
|  35|0x00000000c4b00000, 0x00000000c4b00000, 0x00000000c4c00000|  0%| F|  |TAMS 0x00000000c4b00000, 0x00000000c4b00000| Untracked 
|  36|0x00000000c4c00000, 0x00000000c4c00000, 0x00000000c4d00000|  0%| F|  |TAMS 0x00000000c4c00000, 0x00000000c4c00000| Untracked 
|  37|0x00000000c4d00000, 0x00000000c4d00000, 0x00000000c4e00000|  0%| F|  |TAMS 0x00000000c4d00000, 0x00000000c4d00000| Untracked 
|  38|0x00000000c4e00000, 0x00000000c4e00000, 0x00000000c4f00000|  0%| F|  |TAMS 0x00000000c4e00000, 0x00000000c4e00000| Untracked 
|  39|0x00000000c4f00000, 0x00000000c4f00000, 0x00000000c5000000|  0%| F|  |TAMS 0x00000000c4f00000, 0x00000000c4f00000| Untracked 
|  40|0x00000000c5000000, 0x00000000c5000000, 0x00000000c5100000|  0%| F|  |TAMS 0x00000000c5000000, 0x00000000c5000000| Untracked 
|  41|0x00000000c5100000, 0x00000000c5100000, 0x00000000c5200000|  0%| F|  |TAMS 0x00000000c5100000, 0x00000000c5100000| Untracked 
|  42|0x00000000c5200000, 0x00000000c5200000, 0x00000000c5300000|  0%| F|  |TAMS 0x00000000c5200000, 0x00000000c5200000| Untracked 
|  43|0x00000000c5300000, 0x00000000c5300000, 0x00000000c5400000|  0%| F|  |TAMS 0x00000000c5300000, 0x00000000c5300000| Untracked 
|  44|0x00000000c5400000, 0x00000000c5400000, 0x00000000c5500000|  0%| F|  |TAMS 0x00000000c5400000, 0x00000000c5400000| Untracked 
|  45|0x00000000c5500000, 0x00000000c5500000, 0x00000000c5600000|  0%| F|  |TAMS 0x00000000c5500000, 0x00000000c5500000| Untracked 
|  46|0x00000000c5600000, 0x00000000c5600000, 0x00000000c5700000|  0%| F|  |TAMS 0x00000000c5600000, 0x00000000c5600000| Untracked 
|  47|0x00000000c5700000, 0x00000000c5700000, 0x00000000c5800000|  0%| F|  |TAMS 0x00000000c5700000, 0x00000000c5700000| Untracked 
|  48|0x00000000c5800000, 0x00000000c5800000, 0x00000000c5900000|  0%| F|  |TAMS 0x00000000c5800000, 0x00000000c5800000| Untracked 
|  49|0x00000000c5900000, 0x00000000c5900000, 0x00000000c5a00000|  0%| F|  |TAMS 0x00000000c5900000, 0x00000000c5900000| Untracked 
|  50|0x00000000c5a00000, 0x00000000c5a00000, 0x00000000c5b00000|  0%| F|  |TAMS 0x00000000c5a00000, 0x00000000c5a00000| Untracked 
|  51|0x00000000c5b00000, 0x00000000c5b00000, 0x00000000c5c00000|  0%| F|  |TAMS 0x00000000c5b00000, 0x00000000c5b00000| Untracked 
|  52|0x00000000c5c00000, 0x00000000c5c00000, 0x00000000c5d00000|  0%| F|  |TAMS 0x00000000c5c00000, 0x00000000c5c00000| Untracked 
|  53|0x00000000c5d00000, 0x00000000c5d00000, 0x00000000c5e00000|  0%| F|  |TAMS 0x00000000c5d00000, 0x00000000c5d00000| Untracked 
|  54|0x00000000c5e00000, 0x00000000c5e00000, 0x00000000c5f00000|  0%| F|  |TAMS 0x00000000c5e00000, 0x00000000c5e00000| Untracked 
|  55|0x00000000c5f00000, 0x00000000c5f43480, 0x00000000c6000000| 26%| E|  |TAMS 0x00000000c5f00000, 0x00000000c5f00000| Complete 
|  56|0x00000000c6000000, 0x00000000c6100000, 0x00000000c6100000|100%| E|CS|TAMS 0x00000000c6000000, 0x00000000c6000000| Complete 
|  57|0x00000000c6100000, 0x00000000c6200000, 0x00000000c6200000|100%| E|CS|TAMS 0x00000000c6100000, 0x00000000c6100000| Complete 
|  58|0x00000000c6200000, 0x00000000c6300000, 0x00000000c6300000|100%| E|CS|TAMS 0x00000000c6200000, 0x00000000c6200000| Complete 
|  59|0x00000000c6300000, 0x00000000c6400000, 0x00000000c6400000|100%| E|CS|TAMS 0x00000000c6300000, 0x00000000c6300000| Complete 
|  60|0x00000000c6400000, 0x00000000c6500000, 0x00000000c6500000|100%| E|CS|TAMS 0x00000000c6400000, 0x00000000c6400000| Complete 
|  61|0x00000000c6500000, 0x00000000c6600000, 0x00000000c6600000|100%| E|CS|TAMS 0x00000000c6500000, 0x00000000c6500000| Complete 

Card table byte_map: [0x0000019f400e0000,0x0000019f402d0000] _byte_map_base: 0x0000019f3facc000

Marking Bits (Prev, Next): (CMBitMap*) 0x0000019f28fc6840, (CMBitMap*) 0x0000019f28fc6880
 Prev Bits: [0x0000019f404c0000, 0x0000019f41420000)
 Next Bits: [0x0000019f41420000, 0x0000019f42380000)

Polling page: 0x0000019f26db0000

Metaspace:

Usage:
  Non-class:      6.01 MB used.
      Class:    848.52 KB used.
       Both:      6.84 MB used.

Virtual space:
  Non-class space:       64.00 MB reserved,       6.06 MB (  9%) committed,  1 nodes.
      Class space:        1.00 GB reserved,     960.00 KB ( <1%) committed,  1 nodes.
             Both:        1.06 GB reserved,       7.00 MB ( <1%) committed. 

Chunk freelists:
   Non-Class:  1022.00 KB
       Class:  3.12 MB
        Both:  4.12 MB

MaxMetaspaceSize: unlimited
CompressedClassSpaceSize: 1.00 GB
Initial GC threshold: 21.00 MB
Current GC threshold: 21.00 MB
CDS: on
MetaspaceReclaimPolicy: balanced
 - commit_granule_bytes: 65536.
 - commit_granule_words: 8192.
 - virtual_space_node_default_size: 8388608.
 - enlarge_chunks_in_place: 1.
 - new_chunks_are_fully_committed: 0.
 - uncommit_free_chunks: 1.
 - use_allocation_guard: 0.


Internal statistics:

num_allocs_failed_limit: 0.
num_arena_births: 120.
num_arena_deaths: 0.
num_vsnodes_births: 2.
num_vsnodes_deaths: 0.
num_space_committed: 113.
num_space_uncommitted: 0.
num_chunks_returned_to_freelist: 0.
num_chunks_taken_from_freelist: 132.
num_chunk_merges: 0.
num_chunk_splits: 89.
num_chunks_enlarged: 58.
num_inconsistent_stats: 0.

CodeHeap 'non-profiled nmethods': size=120000Kb used=183Kb max_used=183Kb free=119816Kb
 bounds [0x0000019f389c0000, 0x0000019f38c30000, 0x0000019f3fef0000]
CodeHeap 'profiled nmethods': size=120000Kb used=902Kb max_used=902Kb free=119097Kb
 bounds [0x0000019f30ef0000, 0x0000019f31160000, 0x0000019f38420000]
CodeHeap 'non-nmethods': size=5760Kb used=1318Kb max_used=1318Kb free=4441Kb
 bounds [0x0000019f38420000, 0x0000019f38690000, 0x0000019f389c0000]
 total_blobs=1186 nmethods=636 adapters=461
 compilation: enabled
              stopped_count=0, restarted_count=0
 full_count=0

Compilation events (20 events):
Event: 0.959 Thread 0x0000019f447fcc00 nmethod 602 0x0000019f30fc6c90 code [0x0000019f30fc6e20, 0x0000019f30fc6f38]
Event: 0.959 Thread 0x0000019f447fcc00  603       1       java.awt.Component::getParent_NoClientCode (5 bytes)
Event: 0.959 Thread 0x0000019f447fcc00 nmethod 603 0x0000019f389eb790 code [0x0000019f389eb920, 0x0000019f389eb9d8]
Event: 0.960 Thread 0x0000019f447fcc00  604   !   3       java.awt.Component::firePropertyChange (59 bytes)
Event: 0.960 Thread 0x0000019f447eff20  605       4       java.util.HashMap::resize (356 bytes)
Event: 0.960 Thread 0x0000019f447fcc00 nmethod 604 0x0000019f30fc7010 code [0x0000019f30fc71e0, 0x0000019f30fc7738]
Event: 0.960 Thread 0x0000019f447fcc00  606       1       javax.swing.text.GapVector::getGapEnd (5 bytes)
Event: 0.960 Thread 0x0000019f447fcc00 nmethod 606 0x0000019f389eba90 code [0x0000019f389ebc20, 0x0000019f389ebcd8]
Event: 0.960 Thread 0x0000019f447fcc00  607       1       javax.swing.text.GapVector::getGapStart (5 bytes)
Event: 0.960 Thread 0x0000019f447fcc00 nmethod 607 0x0000019f389ebd90 code [0x0000019f389ebf20, 0x0000019f389ebfd8]
Event: 0.960 Thread 0x0000019f447fcc00  608       1       javax.swing.text.GapVector::getArray (5 bytes)
Event: 0.960 Thread 0x0000019f447fcc00 nmethod 608 0x0000019f389ec090 code [0x0000019f389ec220, 0x0000019f389ec2d8]
Event: 0.963 Thread 0x0000019f447fcc00  610       3       java.lang.invoke.DirectMethodHandle$Holder::invokeStatic (15 bytes)
Event: 0.964 Thread 0x0000019f447fcc00 nmethod 610 0x0000019f30fc7910 code [0x0000019f30fc7ae0, 0x0000019f30fc8038]
Event: 0.965 Thread 0x0000019f447fcc00  611       3       java.lang.invoke.BoundMethodHandle::rebind (14 bytes)
Event: 0.966 Thread 0x0000019f447fcc00 nmethod 611 0x0000019f30fc8190 code [0x0000019f30fc83a0, 0x0000019f30fc8908]
Event: 0.966 Thread 0x0000019f447fcc00  612       3       java.lang.invoke.BoundMethodHandle::tooComplex (27 bytes)
Event: 0.966 Thread 0x0000019f447fcc00 nmethod 612 0x0000019f30fc8b10 code [0x0000019f30fc8d00, 0x0000019f30fc9178]
Event: 0.966 Thread 0x0000019f447fcc00  613       3       java.util.StringTokenizer::nextToken (92 bytes)
Event: 0.966 Thread 0x0000019f447fcc00 nmethod 613 0x0000019f30fc9310 code [0x0000019f30fc9500, 0x0000019f30fc9818]

GC Heap History (0 events):
No events

Dll operation events (7 events):
Event: 0.070 Loaded shared library C:\Program Files\Java\jdk-19\bin\java.dll
Event: 0.116 Loaded shared library C:\Program Files\Java\jdk-19\bin\jsvml.dll
Event: 0.355 Loaded shared library C:\Program Files\Java\jdk-19\bin\net.dll
Event: 0.383 Loaded shared library C:\Program Files\Java\jdk-19\bin\nio.dll
Event: 0.492 Loaded shared library C:\Program Files\Java\jdk-19\bin\zip.dll
Event: 0.521 Loaded shared library C:\Program Files\Java\jdk-19\bin\jimage.dll
Event: 0.569 Loaded shared library C:\Program Files\Java\jdk-19\bin\awt.dll

Deoptimization events (4 events):
Event: 0.793 Thread 0x0000019f28f85430 Uncommon trap: trap_request=0xffffff45 fr.pc=0x0000019f389cf7f8 relative=0x0000000000000a58
Event: 0.793 Thread 0x0000019f28f85430 Uncommon trap: reason=unstable_if action=reinterpret pc=0x0000019f389cf7f8 method=java.util.HashMap.putVal(ILjava/lang/Object;Ljava/lang/Object;ZZ)Ljava/lang/Object; @ 236 c2
Event: 0.793 Thread 0x0000019f28f85430 DEOPT PACKING pc=0x0000019f389cf7f8 sp=0x000000434f1fdc90
Event: 0.793 Thread 0x0000019f28f85430 DEOPT UNPACKING pc=0x0000019f38486da3 sp=0x000000434f1fdc48 mode 2

Classes loaded (20 events):
Event: 0.967 Loading class java/awt/peer/ContainerPeer
Event: 0.968 Loading class java/awt/peer/ContainerPeer done
Event: 0.968 Loading class java/awt/peer/WindowPeer done
Event: 0.968 Loading class java/awt/peer/FramePeer done
Event: 0.968 Loading class sun/awt/windows/WWindowPeer
Event: 0.969 Loading class sun/awt/windows/WPanelPeer
Event: 0.969 Loading class java/awt/peer/PanelPeer
Event: 0.969 Loading class java/awt/peer/PanelPeer done
Event: 0.969 Loading class sun/awt/windows/WCanvasPeer
Event: 0.969 Loading class java/awt/peer/CanvasPeer
Event: 0.969 Loading class java/awt/peer/CanvasPeer done
Event: 0.969 Loading class sun/awt/windows/WCanvasPeer done
Event: 0.969 Loading class sun/awt/windows/WPanelPeer done
Event: 0.970 Loading class sun/awt/windows/WWindowPeer done
Event: 0.970 Loading class sun/awt/windows/WFramePeer done
Event: 0.970 Loading class sun/awt/windows/WWindowPeer$ActiveWindowListener
Event: 0.971 Loading class sun/awt/windows/WWindowPeer$ActiveWindowListener done
Event: 0.971 Loading class sun/awt/windows/WWindowPeer$GuiDisposedListener
Event: 0.971 Loading class sun/awt/windows/WWindowPeer$GuiDisposedListener done
Event: 0.971 Loading class sun/awt/RepaintArea

Classes unloaded (0 events):
No events

Classes redefined (0 events):
No events

Internal exceptions (14 events):
Event: 0.402 Thread 0x0000019f28f85430 Exception <a 'sun/nio/fs/WindowsException'{0x00000000c6440818}> (0x00000000c6440818) 
thrown [s\open\src\hotspot\share\prims\jni.cpp, line 517]
Event: 0.405 Thread 0x0000019f28f85430 Exception <a 'sun/nio/fs/WindowsException'{0x00000000c6440da0}> (0x00000000c6440da0) 
thrown [s\open\src\hotspot\share\prims\jni.cpp, line 517]
Event: 0.437 Thread 0x0000019f28f85430 Exception <a 'sun/nio/fs/WindowsException'{0x00000000c6485e58}> (0x00000000c6485e58) 
thrown [s\open\src\hotspot\share\prims\jni.cpp, line 517]
Event: 0.441 Thread 0x0000019f28f85430 Exception <a 'sun/nio/fs/WindowsException'{0x00000000c6486990}> (0x00000000c6486990) 
thrown [s\open\src\hotspot\share\prims\jni.cpp, line 517]
Event: 0.534 Thread 0x0000019f28f85430 Exception <a 'java/lang/ClassNotFoundException'{0x00000000c6346360}: sun/awt/resources/spi/awtProvider> (0x00000000c6346360) 
thrown [s\open\src\hotspot\share\classfile\systemDictionary.cpp, line 255]
Event: 0.588 Thread 0x0000019f28f85430 Exception <a 'java/io/FileNotFoundException'{0x00000000c639dbc0}> (0x00000000c639dbc0) 
thrown [s\open\src\hotspot\share\prims\jni.cpp, line 517]
Event: 0.596 Thread 0x0000019f28f85430 Exception <a 'java/io/FileNotFoundException'{0x00000000c63ca320}> (0x00000000c63ca320) 
thrown [s\open\src\hotspot\share\prims\jni.cpp, line 517]
Event: 0.683 Thread 0x0000019f28f85430 Exception <a 'java/lang/NoSuchMethodError'{0x00000000c620f380}: 'java.lang.Object java.lang.invoke.DirectMethodHandle$Holder.invokeStaticInit(java.lang.Object)'> (0x00000000c620f380) 
thrown [s\open\src\hotspot\share\interpreter\linkResolver.cpp, line 774]
Event: 0.797 Thread 0x0000019f28f85430 Exception <a 'java/lang/NoSuchMethodError'{0x00000000c6121238}: 'void java.lang.invoke.DirectMethodHandle$Holder.invokeSpecial(java.lang.Object, java.lang.Object, java.lang.Object)'> (0x00000000c6121238) 
thrown [s\open\src\hotspot\share\interpreter\linkResolver.cpp, line 774]
Event: 0.810 Thread 0x0000019f28f85430 Exception <a 'java/lang/NoSuchMethodError'{0x00000000c614c250}: 'java.lang.Object java.lang.invoke.DirectMethodHandle$Holder.newInvokeSpecial(java.lang.Object, java.lang.Object, java.lang.Object, java.lang.Object, java.lang.Object)'> (0x00000000c614c250) 
thrown [s\open\src\hotspot\share\interpreter\linkResolver.cpp, line 774]
Event: 0.818 Thread 0x0000019f28f85430 Exception <a 'java/lang/NoSuchMethodError'{0x00000000c617d938}: 'java.lang.Object java.lang.invoke.DirectMethodHandle$Holder.invokeStatic(java.lang.Object, int, java.lang.Object)'> (0x00000000c617d938) 
thrown [s\open\src\hotspot\share\interpreter\linkResolver.cpp, line 774]
Event: 0.848 Thread 0x0000019f28f85430 Exception <a 'java/lang/ClassNotFoundException'{0x00000000c60399f0}: com/sun/swing/internal/plaf/metal/resources/spi/metalProvider> (0x00000000c60399f0) 
thrown [s\open\src\hotspot\share\classfile\systemDictionary.cpp, line 255]
Event: 0.849 Thread 0x0000019f28f85430 Exception <a 'java/lang/ClassNotFoundException'{0x00000000c603d920}: com/sun/swing/internal/plaf/basic/resources/spi/basicProvider> (0x00000000c603d920) 
thrown [s\open\src\hotspot\share\classfile\systemDictionary.cpp, line 255]
Event: 0.862 Thread 0x0000019f28f85430 Exception <a 'java/lang/NoSuchMethodError'{0x00000000c605d800}: 'int java.lang.invoke.Invokers$Holder.invokeExact_MT(java.lang.Object, java.lang.Object)'> (0x00000000c605d800) 
thrown [s\open\src\hotspot\share\interpreter\linkResolver.cpp, line 774]

VM Operations (6 events):
Event: 0.444 Executing VM operation: HandshakeAllThreads
Event: 0.444 Executing VM operation: HandshakeAllThreads done
Event: 0.618 Executing VM operation: HandshakeAllThreads
Event: 0.618 Executing VM operation: HandshakeAllThreads done
Event: 0.873 Executing VM operation: HandshakeAllThreads
Event: 0.873 Executing VM operation: HandshakeAllThreads done

Events (16 events):
Event: 0.116 Thread 0x0000019f28f85430 Thread added: 0x0000019f28f85430
Event: 0.190 Thread 0x0000019f447e1f20 Thread added: 0x0000019f447e1f20
Event: 0.190 Thread 0x0000019f447e2af0 Thread added: 0x0000019f447e2af0
Event: 0.191 Thread 0x0000019f447e7b40 Thread added: 0x0000019f447e7b40
Event: 0.192 Thread 0x0000019f447e8670 Thread added: 0x0000019f447e8670
Event: 0.192 Thread 0x0000019f447eb150 Thread added: 0x0000019f447eb150
Event: 0.192 Thread 0x0000019f447ebc20 Thread added: 0x0000019f447ebc20
Event: 0.192 Thread 0x0000019f447eff20 Thread added: 0x0000019f447eff20
Event: 0.192 Thread 0x0000019f447fcc00 Thread added: 0x0000019f447fcc00
Event: 0.192 Thread 0x0000019f447fd570 Thread added: 0x0000019f447fd570
Event: 0.305 Thread 0x0000019f447cd3c0 Thread added: 0x0000019f447cd3c0
Event: 0.472 Thread 0x0000019f48db6130 Thread added: 0x0000019f48db6130
Event: 0.684 Thread 0x0000019f48ea0f10 Thread added: 0x0000019f48ea0f10
Event: 0.685 Thread 0x0000019f48ea3f10 Thread added: 0x0000019f48ea3f10
Event: 0.686 Thread 0x0000019f48ea8f20 Thread added: 0x0000019f48ea8f20
Event: 0.917 Thread 0x0000019f48ef4460 Thread added: 0x0000019f48ef4460


Dynamic libraries:
0x00007ff66d2f0000 - 0x00007ff66d300000 	C:\Program Files\Java\jdk-19\bin\java.exe
0x00007ffb46690000 - 0x00007ffb468a4000 	C:\WINDOWS\SYSTEM32\ntdll.dll
0x00007ffb44590000 - 0x00007ffb44652000 	C:\WINDOWS\System32\KERNEL32.DLL
0x00007ffb43ab0000 - 0x00007ffb43e53000 	C:\WINDOWS\System32\KERNELBASE.dll
0x00007ffb43e60000 - 0x00007ffb43f71000 	C:\WINDOWS\System32\ucrtbase.dll
0x00007ffb01f40000 - 0x00007ffb01f58000 	C:\Program Files\Java\jdk-19\bin\jli.dll
0x00007ffb462a0000 - 0x00007ffb4634e000 	C:\WINDOWS\System32\ADVAPI32.dll
0x00007ffb45480000 - 0x00007ffb45527000 	C:\WINDOWS\System32\msvcrt.dll
0x00007ffb44d50000 - 0x00007ffb44df4000 	C:\WINDOWS\System32\sechost.dll
0x00007ffb0fdd0000 - 0x00007ffb0fdeb000 	C:\Program Files\Java\jdk-19\bin\VCRUNTIME140.dll
0x00007ffb46350000 - 0x00007ffb46467000 	C:\WINDOWS\System32\RPCRT4.dll
0x00007ffb44790000 - 0x00007ffb4493b000 	C:\WINDOWS\System32\USER32.dll
0x00007ffb443e0000 - 0x00007ffb44406000 	C:\WINDOWS\System32\win32u.dll
0x00007ffb44e50000 - 0x00007ffb44e79000 	C:\WINDOWS\System32\GDI32.dll
0x00007ffb43ff0000 - 0x00007ffb44108000 	C:\WINDOWS\System32\gdi32full.dll
0x00007ffb44280000 - 0x00007ffb4431a000 	C:\WINDOWS\System32\msvcp_win.dll
0x00007ffb2ff80000 - 0x00007ffb3020e000 	C:\WINDOWS\WinSxS\amd64_microsoft.windows.common-controls_6595b64144ccf1df_6.0.22621.1635_none_270f70857386168e\COMCTL32.dll
0x00007ffb37440000 - 0x00007ffb3744a000 	C:\WINDOWS\SYSTEM32\VERSION.dll
0x00007ffb44940000 - 0x00007ffb44971000 	C:\WINDOWS\System32\IMM32.DLL
0x00007ffb36520000 - 0x00007ffb3652c000 	C:\Program Files\Java\jdk-19\bin\vcruntime140_1.dll
0x00007ffafc910000 - 0x00007ffafc99e000 	C:\Program Files\Java\jdk-19\bin\msvcp140.dll
0x00007ffaee590000 - 0x00007ffaef250000 	C:\Program Files\Java\jdk-19\bin\server\jvm.dll
0x00007ffb2d100000 - 0x00007ffb2d109000 	C:\WINDOWS\SYSTEM32\WSOCK32.dll
0x00007ffb36100000 - 0x00007ffb36134000 	C:\WINDOWS\SYSTEM32\WINMM.dll
0x00007ffb465d0000 - 0x00007ffb46641000 	C:\WINDOWS\System32\WS2_32.dll
0x00007ffb42b00000 - 0x00007ffb42b18000 	C:\WINDOWS\SYSTEM32\kernel.appcore.dll
0x00007ffb2d9f0000 - 0x00007ffb2d9fa000 	C:\Program Files\Java\jdk-19\bin\jimage.dll
0x00007ffb38650000 - 0x00007ffb3887e000 	C:\WINDOWS\SYSTEM32\DBGHELP.DLL
0x00007ffb45530000 - 0x00007ffb458b9000 	C:\WINDOWS\System32\combase.dll
0x00007ffb44e80000 - 0x00007ffb44f57000 	C:\WINDOWS\System32\OLEAUT32.dll
0x00007ffb38090000 - 0x00007ffb380c2000 	C:\WINDOWS\SYSTEM32\dbgcore.DLL
0x00007ffb44410000 - 0x00007ffb4448b000 	C:\WINDOWS\System32\bcryptPrimitives.dll
0x00007ffb0f9d0000 - 0x00007ffb0f9f6000 	C:\Program Files\Java\jdk-19\bin\java.dll
0x00007ffaefd40000 - 0x00007ffaefe17000 	C:\Program Files\Java\jdk-19\bin\jsvml.dll
0x00007ffb45a10000 - 0x00007ffb4620a000 	C:\WINDOWS\System32\SHELL32.dll
0x00007ffb41ab0000 - 0x00007ffb4237e000 	C:\WINDOWS\SYSTEM32\windows.storage.dll
0x00007ffb41970000 - 0x00007ffb41aae000 	C:\WINDOWS\SYSTEM32\wintypes.dll
0x00007ffb46470000 - 0x00007ffb46561000 	C:\WINDOWS\System32\SHCORE.dll
0x00007ffb44b50000 - 0x00007ffb44bae000 	C:\WINDOWS\System32\shlwapi.dll
0x00007ffb439e0000 - 0x00007ffb43a01000 	C:\WINDOWS\SYSTEM32\profapi.dll
0x00007ffb0fcc0000 - 0x00007ffb0fcd3000 	C:\Program Files\Java\jdk-19\bin\net.dll
0x00007ffb37300000 - 0x00007ffb37437000 	C:\WINDOWS\SYSTEM32\WINHTTP.dll
0x00007ffb42f70000 - 0x00007ffb42fd9000 	C:\WINDOWS\system32\mswsock.dll
0x00007ffb0f9b0000 - 0x00007ffb0f9c6000 	C:\Program Files\Java\jdk-19\bin\nio.dll
0x00007ffb0f990000 - 0x00007ffb0f9a8000 	C:\Program Files\Java\jdk-19\bin\zip.dll
0x00007ffaefba0000 - 0x00007ffaefd31000 	C:\Program Files\Java\jdk-19\bin\awt.dll
0x00007ffb40be0000 - 0x00007ffb40c77000 	C:\WINDOWS\SYSTEM32\apphelp.dll
0x00007ffb41690000 - 0x00007ffb416bb000 	C:\WINDOWS\system32\DWMAPI.DLL
0x00007ffb41460000 - 0x00007ffb4150b000 	C:\WINDOWS\system32\uxtheme.dll
0x00007ffb25980000 - 0x00007ffb25a80000 	C:\WINDOWS\system32\opengl32.dll
0x00007ffb36960000 - 0x00007ffb3698d000 	C:\WINDOWS\SYSTEM32\GLU32.dll
0x00007ffb41540000 - 0x00007ffb41576000 	C:\WINDOWS\SYSTEM32\dxcore.dll
0x00007ffb458d0000 - 0x00007ffb459ee000 	C:\WINDOWS\System32\MSCTF.dll
0x00007ffb44bb0000 - 0x00007ffb44d4c000 	C:\WINDOWS\System32\ole32.dll

dbghelp: loaded successfully - version: 4.0.5 - missing functions: none
symbol engine: initialized successfully - sym options: 0x614 - pdb path: .;C:\Program Files\Java\jdk-19\bin;C:\WINDOWS\SYSTEM32;C:\WINDOWS\WinSxS\amd64_microsoft.windows.common-controls_6595b64144ccf1df_6.0.22621.1635_none_270f70857386168e;C:\Program Files\Java\jdk-19\bin\server

VM Arguments:
jvm_args: -Dfile.encoding=UTF-8 --module-path=C:\Users\SACHIN\Documents\NetBeansProjects\Travel Management System\build\classes 
java_command: travel.management.system.AddCustomer
java_class_path (initial): D:\mysql-connector-java-8.0.28.jar;C:\Users\SACHIN\Documents\NetBeansProjects\Travel Management System\build\classes
Launcher Type: SUN_STANDARD

[Global flags]
     intx CICompilerCount                          = 3                                         {product} {ergonomic}
     uint ConcGCThreads                            = 1                                         {product} {ergonomic}
     uint G1ConcRefinementThreads                  = 4                                         {product} {ergonomic}
   size_t G1HeapRegionSize                         = 1048576                                   {product} {ergonomic}
    uintx GCDrainStackTargetSize                   = 64                                        {product} {ergonomic}
   size_t InitialHeapSize                          = 65011712                                  {product} {ergonomic}
   size_t MarkStackSize                            = 4194304                                   {product} {ergonomic}
   size_t MaxHeapSize                              = 1031798784                                {product} {ergonomic}
   size_t MaxNewSize                               = 618659840                                 {product} {ergonomic}
   size_t MinHeapDeltaBytes                        = 1048576                                   {product} {ergonomic}
   size_t MinHeapSize                              = 8388608                                   {product} {ergonomic}
    uintx NonNMethodCodeHeapSize                   = 5832780                                {pd product} {ergonomic}
    uintx NonProfiledCodeHeapSize                  = 122912730                              {pd product} {ergonomic}
    uintx ProfiledCodeHeapSize                     = 122912730                              {pd product} {ergonomic}
    uintx ReservedCodeCacheSize                    = 251658240                              {pd product} {ergonomic}
     bool SegmentedCodeCache                       = true                                      {product} {ergonomic}
   size_t SoftMaxHeapSize                          = 1031798784                             {manageable} {ergonomic}
     bool UseCompressedClassPointers               = true                           {product lp64_product} {ergonomic}
     bool UseCompressedOops                        = true                           {product lp64_product} {ergonomic}
     bool UseG1GC                                  = true                                      {product} {ergonomic}
     bool UseLargePagesIndividualAllocation        = false                                  {pd product} {ergonomic}

Logging:
Log output configuration:
 #0: stdout all=warning uptime,level,tags foldmultilines=false
 #1: stderr all=off uptime,level,tags foldmultilines=false

Environment Variables:
PATH=C:\Program Files\Common Files\Oracle\Java\javapath;C:\WINDOWS\system32;C:\WINDOWS;C:\WINDOWS\System32\Wbem;C:\WINDOWS\System32\WindowsPowerShell\v1.0\;C:\WINDOWS\System32\OpenSSH\;C:\Program Files\MySQL\MySQL Server 8.0\bin;C:\Program Files\Java\jdk-19\bin;C:\Program Files\Java\jdk-19\bin;C:\Program Files\MySQL\MySQL Shell 8.0\bin\;C:\Users\SACHIN\AppData\Local\Programs\Python\Python311\Scripts\;C:\Users\SACHIN\AppData\Local\Programs\Python\Python311\;C:\Users\SACHIN\AppData\Local\Microsoft\WindowsApps;;C:\Users\SACHIN\AppData\Local\Programs\Microsoft VS Code\bin
USERNAME=SACHIN
OS=Windows_NT
PROCESSOR_IDENTIFIER=Intel64 Family 6 Model 142 Stepping 12, GenuineIntel
TMP=C:\Users\SACHIN\AppData\Local\Temp
TEMP=C:\Users\SACHIN\AppData\Local\Temp



---------------  S Y S T E M  ---------------

OS:
 Windows 11 , 64 bit Build 22621 (10.0.22621.1635)
OS uptime: 32 days 18:19 hours

CPU: total 4 (initial active 4) (2 cores per cpu, 2 threads per core) family 6 model 142 stepping 12 microcode 0xea, cx8, cmov, fxsr, ht, mmx, 3dnowpref, sse, sse2, sse3, ssse3, sse4.1, sse4.2, popcnt, lzcnt, tsc, tscinvbit, avx, avx2, aes, erms, clmul, bmi1, bmi2, adx, fma, vzeroupper, clflush, clflushopt, rdtscp

Memory: 4k page, system-wide physical 3930M (13M free)
TotalPageFile size 16218M (AvailPageFile size 0M)
current process WorkingSet (physical memory assigned to process): 50M, peak: 50M
current process commit charge ("private bytes"): 144M, peak: 144M

vm_info: Java HotSpot(TM) 64-Bit Server VM (19.0.2+7-44) for windows-amd64 JRE (19.0.2+7-44), built on 2022-11-30T18:02:09Z by "mach5one" with MS VC++ 17.1 (VS2022)

END.
