#
# There is insufficient memory for the Java Runtime Environment to continue.
# Native memory allocation (mmap) failed to map 65536 bytes for Failed to commit metaspace.
# Possible reasons:
#   The system is out of physical RAM or swap space
#   The process is running with CompressedOops enabled, and the Java Heap may be blocking the growth of the native heap
# Possible solutions:
#   Reduce memory load on the system
#   Increase physical memory or swap space
#   Check if swap backing store is full
#   Decrease Java heap size (-Xmx/-Xms)
#   Decrease number of Java threads
#   Decrease Java thread stack sizes (-Xss)
#   Set larger code cache with -XX:ReservedCodeCacheSize=
#   JVM is running with Unscaled Compressed Oops mode in which the Java heap is
#     placed in the first 4GB address space. The Java Heap base address is the
#     maximum limit for the native heap growth. Please use -XX:HeapBaseMinAddress
#     to set the Java Heap base and to place the Java Heap above 4GB virtual address.
# This output file may be truncated or incomplete.
#
#  Out of Memory Error (virtualSpaceNode.cpp:110), pid=128600, tid=127948
#
# JRE version: Java(TM) SE Runtime Environment (19.0.2+7) (build 19.0.2+7-44)
# Java VM: Java HotSpot(TM) 64-Bit Server VM (19.0.2+7-44, mixed mode, sharing, tiered, compressed oops, compressed class ptrs, g1 gc, windows-amd64)
# No core dump will be written. Minidumps are not enabled by default on client versions of Windows
#

---------------  S U M M A R Y ------------

Command Line: -Dfile.encoding=UTF-8 --module-path=C:\Users\SACHIN\Documents\NetBeansProjects\Travel Management System\build\classes travel.management.system.AddCustomer

Host: Intel(R) Core(TM) i3-10110U CPU @ 2.10GHz, 4 cores, 3G,  Windows 11 , 64 bit Build 22621 (10.0.22621.1635)
Time: Sat Jul 15 10:38:52 2023 India Standard Time elapsed time: 1.465889 seconds (0d 0h 0m 1s)

---------------  T H R E A D  ---------------

Current thread (0x00000235f2396880):  JavaThread "main" [_thread_in_vm, id=127948, stack(0x00000098c5300000,0x00000098c5400000)]

Stack: [0x00000098c5300000,0x00000098c5400000]
Native frames: (J=compiled Java code, j=interpreted, Vv=VM code, C=native code)
V  [jvm.dll+0x6ee21a]
V  [jvm.dll+0x85765e]
V  [jvm.dll+0x85904e]
V  [jvm.dll+0x859703]
V  [jvm.dll+0x28298f]
V  [jvm.dll+0x8532db]
V  [jvm.dll+0x692cb6]
V  [jvm.dll+0x692d1a]
V  [jvm.dll+0x695613]
V  [jvm.dll+0x6954de]
V  [jvm.dll+0x6936de]
V  [jvm.dll+0x2801cc]
V  [jvm.dll+0x7432cd]
V  [jvm.dll+0x743ccf]
V  [jvm.dll+0x3c999e]
V  [jvm.dll+0x3c8b14]
V  [jvm.dll+0x3c8ab8]
V  [jvm.dll+0x5cf569]
V  [jvm.dll+0x5ce464]
V  [jvm.dll+0x3ddda7]
V  [jvm.dll+0x3dd3ff]
C  0x000002358755c181

Java frames: (J=compiled Java code, j=interpreted, Vv=VM code)
j  javax.swing.JComponent.getDefaultLocale()Ljava/util/Locale;+3 java.desktop@19.0.2
j  javax.swing.JFrame.frameInit()V+8 java.desktop@19.0.2
j  javax.swing.JFrame.<init>()V+20 java.desktop@19.0.2
j  travel.management.system.AddCustomer.<init>()V+1
j  travel.management.system.AddCustomer.main([Ljava/lang/String;)V+4
v  ~StubRoutines::call_stub 0x000002358753100e

---------------  P R O C E S S  ---------------

Threads class SMR info:
_java_thread_list=0x00000235fefa2060, length=15, elements={
0x00000235f2396880, 0x00000235feb40860, 0x00000235feb41530, 0x00000235feb453d0,
0x00000235feb47e10, 0x00000235feb48740, 0x00000235feb49070, 0x00000235feb49cd0,
0x00000235feb59e00, 0x00000235febbaa80, 0x00000235fed40070, 0x00000235feee8290,
0x00000235fefb52b0, 0x00000235fefb57f0, 0x00000235fefec5d0
}

Java Threads: ( => current thread )
=>0x00000235f2396880 JavaThread "main" [_thread_in_vm, id=127948, stack(0x00000098c5300000,0x00000098c5400000)]
  0x00000235feb40860 JavaThread "Reference Handler" daemon [_thread_blocked, id=127060, stack(0x00000098c5a00000,0x00000098c5b00000)]
  0x00000235feb41530 JavaThread "Finalizer" daemon [_thread_blocked, id=127152, stack(0x00000098c5b00000,0x00000098c5c00000)]
  0x00000235feb453d0 JavaThread "Signal Dispatcher" daemon [_thread_blocked, id=128864, stack(0x00000098c5c00000,0x00000098c5d00000)]
  0x00000235feb47e10 JavaThread "Attach Listener" daemon [_thread_blocked, id=126756, stack(0x00000098c5d00000,0x00000098c5e00000)]
  0x00000235feb48740 JavaThread "Service Thread" daemon [_thread_blocked, id=128196, stack(0x00000098c5e00000,0x00000098c5f00000)]
  0x00000235feb49070 JavaThread "Monitor Deflation Thread" daemon [_thread_blocked, id=128320, stack(0x00000098c5f00000,0x00000098c6000000)]
  0x00000235feb49cd0 JavaThread "C2 CompilerThread0" daemon [_thread_blocked, id=128548, stack(0x00000098c6000000,0x00000098c6100000)]
  0x00000235feb59e00 JavaThread "C1 CompilerThread0" daemon [_thread_blocked, id=126388, stack(0x00000098c6100000,0x00000098c6200000)]
  0x00000235febbaa80 JavaThread "Sweeper thread" daemon [_thread_blocked, id=113868, stack(0x00000098c6200000,0x00000098c6300000)]
  0x00000235fed40070 JavaThread "Common-Cleaner" daemon [_thread_blocked, id=111688, stack(0x00000098c6300000,0x00000098c6400000)]
  0x00000235feee8290 JavaThread "Notification Thread" daemon [_thread_blocked, id=128784, stack(0x00000098c6400000,0x00000098c6500000)]
  0x00000235fefb52b0 JavaThread "Java2D Disposer" daemon [_thread_blocked, id=128472, stack(0x00000098c6600000,0x00000098c6700000)]
  0x00000235fefb57f0 JavaThread "AWT-Shutdown" [_thread_blocked, id=128468, stack(0x00000098c6700000,0x00000098c6800000)]
  0x00000235fefec5d0 JavaThread "AWT-Windows" daemon [_thread_in_native, id=128476, stack(0x00000098c6800000,0x00000098c6900000)]

Other Threads:
  0x00000235f245a8e0 VMThread "VM Thread" [stack: 0x00000098c5900000,0x00000098c5a00000] [id=128572]
  0x00000235fee8f7c0 WatcherThread "VM Periodic Task Thread" [stack: 0x00000098c6500000,0x00000098c6600000] [id=127328]
  0x00000235f23d6fa0 WorkerThread "GC Thread#0" [stack: 0x00000098c5400000,0x00000098c5500000] [id=124972]
  0x00000235f23dfd00 ConcurrentGCThread "G1 Main Marker" [stack: 0x00000098c5500000,0x00000098c5600000] [id=128052]
  0x00000235f23e0ed0 WorkerThread "G1 Conc#0" [stack: 0x00000098c5600000,0x00000098c5700000] [id=120996]
  0x00000235f2435460 ConcurrentGCThread "G1 Refine#0" [stack: 0x00000098c5700000,0x00000098c5800000] [id=128704]
  0x00000235f2435fe0 ConcurrentGCThread "G1 Service" [stack: 0x00000098c5800000,0x00000098c5900000] [id=128896]

Threads with active compile tasks:

VM state: not at safepoint (normal execution)

VM Mutex/Monitor currently owned by a thread:  ([mutex/lock_event])
[0x00000235f23912a0] Metaspace_lock - owner thread: 0x00000235f2396880

Heap address: 0x00000000c2800000, size: 984 MB, Compressed Oops mode: 32-bit

CDS archive(s) mapped at: [0x0000000800000000-0x0000000800c40000-0x0000000800c40000), size 12845056, SharedBaseAddress: 0x0000000800000000, ArchiveRelocationMode: 0.
Compressed class space mapped at: 0x0000000801000000-0x0000000841000000, reserved size: 1073741824
Narrow klass base: 0x0000000800000000, Narrow klass shift: 0, Narrow klass range: 0x100000000

GC Precious Log:
 CardTable entry size: 512
 Card Set container configuration: InlinePtr #cards 5 size 8 Array Of Cards #cards 12 size 40 Howl #buckets 4 coarsen threshold 1843 Howl Bitmap #cards 512 size 80 coarsen threshold 460 Card regions per heap region 1 cards per card region 2048
 CPUs: 4 total, 4 available
 Memory: 3930M
 Large Page Support: Disabled
 NUMA Support: Disabled
 Compressed Oops: Enabled (32-bit)
 Heap Region Size: 1M
 Heap Min Capacity: 8M
 Heap Initial Capacity: 62M
 Heap Max Capacity: 984M
 Pre-touch: Disabled
 Parallel Workers: 4
 Concurrent Workers: 1
 Concurrent Refinement Workers: 4
 Periodic GC: Disabled

Heap:
 garbage-first heap   total 63488K, used 3072K [0x00000000c2800000, 0x0000000100000000)
  region size 1024K, 4 young (4096K), 0 survivors (0K)
 Metaspace       used 3090K, committed 3264K, reserved 1114112K
  class space    used 295K, committed 384K, reserved 1048576K

Heap Regions: E=young(eden), S=young(survivor), O=old, HS=humongous(starts), HC=humongous(continues), CS=collection set, F=free, OA=open archive, CA=closed archive, TAMS=top-at-mark-start (previous, next)
|   0|0x00000000c2800000, 0x00000000c2800000, 0x00000000c2900000|  0%| F|  |TAMS 0x00000000c2800000, 0x00000000c2800000| Untracked 
|   1|0x00000000c2900000, 0x00000000c2900000, 0x00000000c2a00000|  0%| F|  |TAMS 0x00000000c2900000, 0x00000000c2900000| Untracked 
|   2|0x00000000c2a00000, 0x00000000c2a00000, 0x00000000c2b00000|  0%| F|  |TAMS 0x00000000c2a00000, 0x00000000c2a00000| Untracked 
|   3|0x00000000c2b00000, 0x00000000c2b00000, 0x00000000c2c00000|  0%| F|  |TAMS 0x00000000c2b00000, 0x00000000c2b00000| Untracked 
|   4|0x00000000c2c00000, 0x00000000c2c00000, 0x00000000c2d00000|  0%| F|  |TAMS 0x00000000c2c00000, 0x00000000c2c00000| Untracked 
|   5|0x00000000c2d00000, 0x00000000c2d00000, 0x00000000c2e00000|  0%| F|  |TAMS 0x00000000c2d00000, 0x00000000c2d00000| Untracked 
|   6|0x00000000c2e00000, 0x00000000c2e00000, 0x00000000c2f00000|  0%| F|  |TAMS 0x00000000c2e00000, 0x00000000c2e00000| Untracked 
|   7|0x00000000c2f00000, 0x00000000c2f00000, 0x00000000c3000000|  0%| F|  |TAMS 0x00000000c2f00000, 0x00000000c2f00000| Untracked 
|   8|0x00000000c3000000, 0x00000000c3000000, 0x00000000c3100000|  0%| F|  |TAMS 0x00000000c3000000, 0x00000000c3000000| Untracked 
|   9|0x00000000c3100000, 0x00000000c3100000, 0x00000000c3200000|  0%| F|  |TAMS 0x00000000c3100000, 0x00000000c3100000| Untracked 
|  10|0x00000000c3200000, 0x00000000c3200000, 0x00000000c3300000|  0%| F|  |TAMS 0x00000000c3200000, 0x00000000c3200000| Untracked 
|  11|0x00000000c3300000, 0x00000000c3300000, 0x00000000c3400000|  0%| F|  |TAMS 0x00000000c3300000, 0x00000000c3300000| Untracked 
|  12|0x00000000c3400000, 0x00000000c3400000, 0x00000000c3500000|  0%| F|  |TAMS 0x00000000c3400000, 0x00000000c3400000| Untracked 
|  13|0x00000000c3500000, 0x00000000c3500000, 0x00000000c3600000|  0%| F|  |TAMS 0x00000000c3500000, 0x00000000c3500000| Untracked 
|  14|0x00000000c3600000, 0x00000000c3600000, 0x00000000c3700000|  0%| F|  |TAMS 0x00000000c3600000, 0x00000000c3600000| Untracked 
|  15|0x00000000c3700000, 0x00000000c3700000, 0x00000000c3800000|  0%| F|  |TAMS 0x00000000c3700000, 0x00000000c3700000| Untracked 
|  16|0x00000000c3800000, 0x00000000c3800000, 0x00000000c3900000|  0%| F|  |TAMS 0x00000000c3800000, 0x00000000c3800000| Untracked 
|  17|0x00000000c3900000, 0x00000000c3900000, 0x00000000c3a00000|  0%| F|  |TAMS 0x00000000c3900000, 0x00000000c3900000| Untracked 
|  18|0x00000000c3a00000, 0x00000000c3a00000, 0x00000000c3b00000|  0%| F|  |TAMS 0x00000000c3a00000, 0x00000000c3a00000| Untracked 
|  19|0x00000000c3b00000, 0x00000000c3b00000, 0x00000000c3c00000|  0%| F|  |TAMS 0x00000000c3b00000, 0x00000000c3b00000| Untracked 
|  20|0x00000000c3c00000, 0x00000000c3c00000, 0x00000000c3d00000|  0%| F|  |TAMS 0x00000000c3c00000, 0x00000000c3c00000| Untracked 
|  21|0x00000000c3d00000, 0x00000000c3d00000, 0x00000000c3e00000|  0%| F|  |TAMS 0x00000000c3d00000, 0x00000000c3d00000| Untracked 
|  22|0x00000000c3e00000, 0x00000000c3e00000, 0x00000000c3f00000|  0%| F|  |TAMS 0x00000000c3e00000, 0x00000000c3e00000| Untracked 
|  23|0x00000000c3f00000, 0x00000000c3f00000, 0x00000000c4000000|  0%| F|  |TAMS 0x00000000c3f00000, 0x00000000c3f00000| Untracked 
|  24|0x00000000c4000000, 0x00000000c4000000, 0x00000000c4100000|  0%| F|  |TAMS 0x00000000c4000000, 0x00000000c4000000| Untracked 
|  25|0x00000000c4100000, 0x00000000c4100000, 0x00000000c4200000|  0%| F|  |TAMS 0x00000000c4100000, 0x00000000c4100000| Untracked 
|  26|0x00000000c4200000, 0x00000000c4200000, 0x00000000c4300000|  0%| F|  |TAMS 0x00000000c4200000, 0x00000000c4200000| Untracked 
|  27|0x00000000c4300000, 0x00000000c4300000, 0x00000000c4400000|  0%| F|  |TAMS 0x00000000c4300000, 0x00000000c4300000| Untracked 
|  28|0x00000000c4400000, 0x00000000c4400000, 0x00000000c4500000|  0%| F|  |TAMS 0x00000000c4400000, 0x00000000c4400000| Untracked 
|  29|0x00000000c4500000, 0x00000000c4500000, 0x00000000c4600000|  0%| F|  |TAMS 0x00000000c4500000, 0x00000000c4500000| Untracked 
|  30|0x00000000c4600000, 0x00000000c4600000, 0x00000000c4700000|  0%| F|  |TAMS 0x00000000c4600000, 0x00000000c4600000| Untracked 
|  31|0x00000000c4700000, 0x00000000c4700000, 0x00000000c4800000|  0%| F|  |TAMS 0x00000000c4700000, 0x00000000c4700000| Untracked 
|  32|0x00000000c4800000, 0x00000000c4800000, 0x00000000c4900000|  0%| F|  |TAMS 0x00000000c4800000, 0x00000000c4800000| Untracked 
|  33|0x00000000c4900000, 0x00000000c4900000, 0x00000000c4a00000|  0%| F|  |TAMS 0x00000000c4900000, 0x00000000c4900000| Untracked 
|  34|0x00000000c4a00000, 0x00000000c4a00000, 0x00000000c4b00000|  0%| F|  |TAMS 0x00000000c4a00000, 0x00000000c4a00000| Untracked 
|  35|0x00000000c4b00000, 0x00000000c4b00000, 0x00000000c4c00000|  0%| F|  |TAMS 0x00000000c4b00000, 0x00000000c4b00000| Untracked 
|  36|0x00000000c4c00000, 0x00000000c4c00000, 0x00000000c4d00000|  0%| F|  |TAMS 0x00000000c4c00000, 0x00000000c4c00000| Untracked 
|  37|0x00000000c4d00000, 0x00000000c4d00000, 0x00000000c4e00000|  0%| F|  |TAMS 0x00000000c4d00000, 0x00000000c4d00000| Untracked 
|  38|0x00000000c4e00000, 0x00000000c4e00000, 0x00000000c4f00000|  0%| F|  |TAMS 0x00000000c4e00000, 0x00000000c4e00000| Untracked 
|  39|0x00000000c4f00000, 0x00000000c4f00000, 0x00000000c5000000|  0%| F|  |TAMS 0x00000000c4f00000, 0x00000000c4f00000| Untracked 
|  40|0x00000000c5000000, 0x00000000c5000000, 0x00000000c5100000|  0%| F|  |TAMS 0x00000000c5000000, 0x00000000c5000000| Untracked 
|  41|0x00000000c5100000, 0x00000000c5100000, 0x00000000c5200000|  0%| F|  |TAMS 0x00000000c5100000, 0x00000000c5100000| Untracked 
|  42|0x00000000c5200000, 0x00000000c5200000, 0x00000000c5300000|  0%| F|  |TAMS 0x00000000c5200000, 0x00000000c5200000| Untracked 
|  43|0x00000000c5300000, 0x00000000c5300000, 0x00000000c5400000|  0%| F|  |TAMS 0x00000000c5300000, 0x00000000c5300000| Untracked 
|  44|0x00000000c5400000, 0x00000000c5400000, 0x00000000c5500000|  0%| F|  |TAMS 0x00000000c5400000, 0x00000000c5400000| Untracked 
|  45|0x00000000c5500000, 0x00000000c5500000, 0x00000000c5600000|  0%| F|  |TAMS 0x00000000c5500000, 0x00000000c5500000| Untracked 
|  46|0x00000000c5600000, 0x00000000c5600000, 0x00000000c5700000|  0%| F|  |TAMS 0x00000000c5600000, 0x00000000c5600000| Untracked 
|  47|0x00000000c5700000, 0x00000000c5700000, 0x00000000c5800000|  0%| F|  |TAMS 0x00000000c5700000, 0x00000000c5700000| Untracked 
|  48|0x00000000c5800000, 0x00000000c5800000, 0x00000000c5900000|  0%| F|  |TAMS 0x00000000c5800000, 0x00000000c5800000| Untracked 
|  49|0x00000000c5900000, 0x00000000c5900000, 0x00000000c5a00000|  0%| F|  |TAMS 0x00000000c5900000, 0x00000000c5900000| Untracked 
|  50|0x00000000c5a00000, 0x00000000c5a00000, 0x00000000c5b00000|  0%| F|  |TAMS 0x00000000c5a00000, 0x00000000c5a00000| Untracked 
|  51|0x00000000c5b00000, 0x00000000c5b00000, 0x00000000c5c00000|  0%| F|  |TAMS 0x00000000c5b00000, 0x00000000c5b00000| Untracked 
|  52|0x00000000c5c00000, 0x00000000c5c00000, 0x00000000c5d00000|  0%| F|  |TAMS 0x00000000c5c00000, 0x00000000c5c00000| Untracked 
|  53|0x00000000c5d00000, 0x00000000c5d00000, 0x00000000c5e00000|  0%| F|  |TAMS 0x00000000c5d00000, 0x00000000c5d00000| Untracked 
|  54|0x00000000c5e00000, 0x00000000c5e00000, 0x00000000c5f00000|  0%| F|  |TAMS 0x00000000c5e00000, 0x00000000c5e00000| Untracked 
|  55|0x00000000c5f00000, 0x00000000c5f00000, 0x00000000c6000000|  0%| F|  |TAMS 0x00000000c5f00000, 0x00000000c5f00000| Untracked 
|  56|0x00000000c6000000, 0x00000000c6000000, 0x00000000c6100000|  0%| F|  |TAMS 0x00000000c6000000, 0x00000000c6000000| Untracked 
|  57|0x00000000c6100000, 0x00000000c6100000, 0x00000000c6200000|  0%| F|  |TAMS 0x00000000c6100000, 0x00000000c6100000| Untracked 
|  58|0x00000000c6200000, 0x00000000c62c8718, 0x00000000c6300000| 78%| E|  |TAMS 0x00000000c6200000, 0x00000000c6200000| Complete 
|  59|0x00000000c6300000, 0x00000000c6400000, 0x00000000c6400000|100%| E|CS|TAMS 0x00000000c6300000, 0x00000000c6300000| Complete 
|  60|0x00000000c6400000, 0x00000000c6500000, 0x00000000c6500000|100%| E|CS|TAMS 0x00000000c6400000, 0x00000000c6400000| Complete 
|  61|0x00000000c6500000, 0x00000000c6600000, 0x00000000c6600000|100%| E|CS|TAMS 0x00000000c6500000, 0x00000000c6500000| Complete 

Card table byte_map: [0x00000235fc330000,0x00000235fc520000] _byte_map_base: 0x00000235fbd1c000

Marking Bits (Prev, Next): (CMBitMap*) 0x00000235f23d75d0, (CMBitMap*) 0x00000235f23d7610
 Prev Bits: [0x00000235fc710000, 0x00000235fd670000)
 Next Bits: [0x00000235fd670000, 0x00000235fe5d0000)

Polling page: 0x00000235f2460000

Metaspace:

Usage:
  Non-class:      2.73 MB used.
      Class:    295.03 KB used.
       Both:      3.02 MB used.

Virtual space:
  Non-class space:       64.00 MB reserved,       2.81 MB (  4%) committed,  1 nodes.
      Class space:        1.00 GB reserved,     384.00 KB ( <1%) committed,  1 nodes.
             Both:        1.06 GB reserved,       3.19 MB ( <1%) committed. 

Chunk freelists:
   Non-Class:  3.93 MB
       Class:  3.58 MB
        Both:  7.51 MB

MaxMetaspaceSize: unlimited
CompressedClassSpaceSize: 1.00 GB
Initial GC threshold: 21.00 MB
Current GC threshold: 21.00 MB
CDS: on
MetaspaceReclaimPolicy: balanced
 - commit_granule_bytes: 65536.
 - commit_granule_words: 8192.
 - virtual_space_node_default_size: 8388608.
 - enlarge_chunks_in_place: 1.
 - new_chunks_are_fully_committed: 0.
 - uncommit_free_chunks: 1.
 - use_allocation_guard: 0.


Internal statistics:

num_allocs_failed_limit: 0.
num_arena_births: 72.
num_arena_deaths: 0.
num_vsnodes_births: 2.
num_vsnodes_deaths: 0.
num_space_committed: 51.
num_space_uncommitted: 0.
num_chunks_returned_to_freelist: 0.
num_chunks_taken_from_freelist: 74.
num_chunk_merges: 0.
num_chunk_splits: 52.
num_chunks_enlarged: 34.
num_inconsistent_stats: 0.

CodeHeap 'non-profiled nmethods': size=120000Kb used=129Kb max_used=129Kb free=119870Kb
 bounds [0x0000023587ad0000, 0x0000023587d40000, 0x000002358f000000]
CodeHeap 'profiled nmethods': size=120000Kb used=539Kb max_used=539Kb free=119460Kb
 bounds [0x0000023580000000, 0x0000023580270000, 0x0000023587530000]
CodeHeap 'non-nmethods': size=5760Kb used=1264Kb max_used=1274Kb free=4495Kb
 bounds [0x0000023587530000, 0x00000235877a0000, 0x0000023587ad0000]
 total_blobs=887 nmethods=406 adapters=392
 compilation: enabled
              stopped_count=0, restarted_count=0
 full_count=0

Compilation events (20 events):
Event: 1.418 Thread 0x00000235feb59e00  396       3       java.lang.StringLatin1::lastIndexOf (40 bytes)
Event: 1.418 Thread 0x00000235feb59e00 nmethod 396 0x0000023580082290 code [0x0000023580082460, 0x0000023580082858]
Event: 1.419 Thread 0x00000235feb59e00  397       3       java.lang.invoke.MethodTypeForm::canonicalize (59 bytes)
Event: 1.419 Thread 0x00000235feb59e00 nmethod 397 0x0000023580082990 code [0x0000023580082b60, 0x0000023580082e68]
Event: 1.419 Thread 0x00000235feb59e00  398       3       java.lang.invoke.MethodType$ConcurrentWeakInternSet::add (66 bytes)
Event: 1.420 Thread 0x00000235feb59e00 nmethod 398 0x0000023580082f90 code [0x0000023580083200, 0x0000023580083ea8]
Event: 1.421 Thread 0x00000235feb49cd0  399       4       java.lang.invoke.MethodType::parameterType (7 bytes)
Event: 1.421 Thread 0x00000235feb49cd0 nmethod 399 0x0000023587aeff90 code [0x0000023587af0120, 0x0000023587af01d8]
Event: 1.423 Thread 0x00000235feb59e00  400       3       java.lang.StringUTF16::compress (50 bytes)
Event: 1.423 Thread 0x00000235feb59e00 nmethod 400 0x0000023580084310 code [0x00000235800844c0, 0x00000235800846f8]
Event: 1.423 Thread 0x00000235feb59e00  401   !   3       java.lang.invoke.MemberName::clone (14 bytes)
Event: 1.424 Thread 0x00000235feb59e00 nmethod 401 0x0000023580084890 code [0x0000023580084a60, 0x0000023580084dd8]
Event: 1.424 Thread 0x00000235feb59e00  402       3       java.lang.invoke.MemberName::getInvocationType (56 bytes)
Event: 1.425 Thread 0x00000235feb59e00 nmethod 402 0x0000023580084f90 code [0x00000235800851c0, 0x0000023580085ae8]
Event: 1.436 Thread 0x00000235feb59e00  404       3       java.util.HashSet::contains (9 bytes)
Event: 1.437 Thread 0x00000235feb59e00 nmethod 404 0x0000023580085d90 code [0x0000023580085f40, 0x00000235800861c8]
Event: 1.437 Thread 0x00000235feb59e00  405       3       java.lang.StringConcatHelper::newArray (26 bytes)
Event: 1.437 Thread 0x00000235feb59e00 nmethod 405 0x0000023580086290 code [0x0000023580086440, 0x0000023580086688]
Event: 1.437 Thread 0x00000235feb59e00  406       3       jdk.internal.misc.Unsafe::allocateUninitializedArray (55 bytes)
Event: 1.437 Thread 0x00000235feb59e00 nmethod 406 0x0000023580086790 code [0x0000023580086980, 0x0000023580086df8]

GC Heap History (0 events):
No events

Dll operation events (7 events):
Event: 0.158 Loaded shared library C:\Program Files\Java\jdk-19\bin\java.dll
Event: 0.315 Loaded shared library C:\Program Files\Java\jdk-19\bin\jsvml.dll
Event: 0.819 Loaded shared library C:\Program Files\Java\jdk-19\bin\net.dll
Event: 0.842 Loaded shared library C:\Program Files\Java\jdk-19\bin\nio.dll
Event: 0.964 Loaded shared library C:\Program Files\Java\jdk-19\bin\zip.dll
Event: 1.031 Loaded shared library C:\Program Files\Java\jdk-19\bin\jimage.dll
Event: 1.109 Loaded shared library C:\Program Files\Java\jdk-19\bin\awt.dll

Deoptimization events (0 events):
No events

Classes loaded (20 events):
Event: 1.446 Loading class javax/swing/KeyStroke
Event: 1.447 Loading class javax/swing/KeyStroke done
Event: 1.447 Loading class javax/swing/KeyStroke$1
Event: 1.447 Loading class sun/swing/SwingAccessor$KeyStrokeAccessor
Event: 1.447 Loading class sun/swing/SwingAccessor$KeyStrokeAccessor done
Event: 1.447 Loading class javax/swing/KeyStroke$1 done
Event: 1.447 Loading class sun/awt/windows/WKeyboardFocusManagerPeer
Event: 1.447 Loading class sun/awt/KeyboardFocusManagerPeerImpl
Event: 1.448 Loading class java/awt/peer/KeyboardFocusManagerPeer
Event: 1.448 Loading class java/awt/peer/KeyboardFocusManagerPeer done
Event: 1.448 Loading class sun/awt/KeyboardFocusManagerPeerImpl done
Event: 1.448 Loading class sun/awt/windows/WKeyboardFocusManagerPeer done
Event: 1.448 Loading class javax/swing/JComponent$1
Event: 1.449 Loading class sun/swing/SwingAccessor$JComponentAccessor
Event: 1.449 Loading class sun/swing/SwingAccessor$JComponentAccessor done
Event: 1.449 Loading class javax/swing/JComponent$1 done
Event: 1.449 Loading class javax/swing/JComponent$2
Event: 1.449 Loading class javax/swing/JComponent$2 done
Event: 1.449 Loading class javax/swing/SwingUtilities
Event: 1.450 Loading class javax/swing/SwingUtilities done

Classes unloaded (0 events):
No events

Classes redefined (0 events):
No events

Internal exceptions (8 events):
Event: 0.866 Thread 0x00000235f2396880 Exception <a 'sun/nio/fs/WindowsException'{0x00000000c6440818}> (0x00000000c6440818) 
thrown [s\open\src\hotspot\share\prims\jni.cpp, line 517]
Event: 0.870 Thread 0x00000235f2396880 Exception <a 'sun/nio/fs/WindowsException'{0x00000000c6440da0}> (0x00000000c6440da0) 
thrown [s\open\src\hotspot\share\prims\jni.cpp, line 517]
Event: 0.879 Thread 0x00000235f2396880 Exception <a 'sun/nio/fs/WindowsException'{0x00000000c6485e58}> (0x00000000c6485e58) 
thrown [s\open\src\hotspot\share\prims\jni.cpp, line 517]
Event: 0.880 Thread 0x00000235f2396880 Exception <a 'sun/nio/fs/WindowsException'{0x00000000c6486990}> (0x00000000c6486990) 
thrown [s\open\src\hotspot\share\prims\jni.cpp, line 517]
Event: 1.054 Thread 0x00000235f2396880 Exception <a 'java/lang/ClassNotFoundException'{0x00000000c6346170}: sun/awt/resources/spi/awtProvider> (0x00000000c6346170) 
thrown [s\open\src\hotspot\share\classfile\systemDictionary.cpp, line 255]
Event: 1.139 Thread 0x00000235f2396880 Exception <a 'java/io/FileNotFoundException'{0x00000000c639d9d0}> (0x00000000c639d9d0) 
thrown [s\open\src\hotspot\share\prims\jni.cpp, line 517]
Event: 1.151 Thread 0x00000235f2396880 Exception <a 'java/io/FileNotFoundException'{0x00000000c63ca130}> (0x00000000c63ca130) 
thrown [s\open\src\hotspot\share\prims\jni.cpp, line 517]
Event: 1.325 Thread 0x00000235f2396880 Exception <a 'java/lang/NoSuchMethodError'{0x00000000c620f930}: 'java.lang.Object java.lang.invoke.DirectMethodHandle$Holder.invokeStaticInit(java.lang.Object)'> (0x00000000c620f930) 
thrown [s\open\src\hotspot\share\interpreter\linkResolver.cpp, line 774]

VM Operations (4 events):
Event: 0.885 Executing VM operation: HandshakeAllThreads
Event: 0.885 Executing VM operation: HandshakeAllThreads done
Event: 1.176 Executing VM operation: HandshakeAllThreads
Event: 1.176 Executing VM operation: HandshakeAllThreads done

Events (15 events):
Event: 0.316 Thread 0x00000235f2396880 Thread added: 0x00000235f2396880
Event: 0.556 Thread 0x00000235feb40860 Thread added: 0x00000235feb40860
Event: 0.556 Thread 0x00000235feb41530 Thread added: 0x00000235feb41530
Event: 0.562 Thread 0x00000235feb453d0 Thread added: 0x00000235feb453d0
Event: 0.563 Thread 0x00000235feb47e10 Thread added: 0x00000235feb47e10
Event: 0.563 Thread 0x00000235feb48740 Thread added: 0x00000235feb48740
Event: 0.563 Thread 0x00000235feb49070 Thread added: 0x00000235feb49070
Event: 0.563 Thread 0x00000235feb49cd0 Thread added: 0x00000235feb49cd0
Event: 0.577 Thread 0x00000235feb59e00 Thread added: 0x00000235feb59e00
Event: 0.584 Thread 0x00000235febbaa80 Thread added: 0x00000235febbaa80
Event: 0.721 Thread 0x00000235fed40070 Thread added: 0x00000235fed40070
Event: 0.934 Thread 0x00000235feee8290 Thread added: 0x00000235feee8290
Event: 1.327 Thread 0x00000235fefb52b0 Thread added: 0x00000235fefb52b0
Event: 1.329 Thread 0x00000235fefb57f0 Thread added: 0x00000235fefb57f0
Event: 1.333 Thread 0x00000235fefec5d0 Thread added: 0x00000235fefec5d0


Dynamic libraries:
0x00007ff66d2f0000 - 0x00007ff66d300000 	C:\Program Files\Java\jdk-19\bin\java.exe
0x00007ffb46690000 - 0x00007ffb468a4000 	C:\WINDOWS\SYSTEM32\ntdll.dll
0x00007ffb44590000 - 0x00007ffb44652000 	C:\WINDOWS\System32\KERNEL32.DLL
0x00007ffb43ab0000 - 0x00007ffb43e53000 	C:\WINDOWS\System32\KERNELBASE.dll
0x00007ffb43e60000 - 0x00007ffb43f71000 	C:\WINDOWS\System32\ucrtbase.dll
0x00007ffb0fdd0000 - 0x00007ffb0fdeb000 	C:\Program Files\Java\jdk-19\bin\VCRUNTIME140.dll
0x00007ffb01f40000 - 0x00007ffb01f58000 	C:\Program Files\Java\jdk-19\bin\jli.dll
0x00007ffb462a0000 - 0x00007ffb4634e000 	C:\WINDOWS\System32\ADVAPI32.dll
0x00007ffb45480000 - 0x00007ffb45527000 	C:\WINDOWS\System32\msvcrt.dll
0x00007ffb44d50000 - 0x00007ffb44df4000 	C:\WINDOWS\System32\sechost.dll
0x00007ffb46350000 - 0x00007ffb46467000 	C:\WINDOWS\System32\RPCRT4.dll
0x00007ffb44790000 - 0x00007ffb4493b000 	C:\WINDOWS\System32\USER32.dll
0x00007ffb443e0000 - 0x00007ffb44406000 	C:\WINDOWS\System32\win32u.dll
0x00007ffb44e50000 - 0x00007ffb44e79000 	C:\WINDOWS\System32\GDI32.dll
0x00007ffb2ff80000 - 0x00007ffb3020e000 	C:\WINDOWS\WinSxS\amd64_microsoft.windows.common-controls_6595b64144ccf1df_6.0.22621.1635_none_270f70857386168e\COMCTL32.dll
0x00007ffb43ff0000 - 0x00007ffb44108000 	C:\WINDOWS\System32\gdi32full.dll
0x00007ffb44280000 - 0x00007ffb4431a000 	C:\WINDOWS\System32\msvcp_win.dll
0x00007ffb37440000 - 0x00007ffb3744a000 	C:\WINDOWS\SYSTEM32\VERSION.dll
0x00007ffb44940000 - 0x00007ffb44971000 	C:\WINDOWS\System32\IMM32.DLL
0x00007ffb36520000 - 0x00007ffb3652c000 	C:\Program Files\Java\jdk-19\bin\vcruntime140_1.dll
0x00007ffafc910000 - 0x00007ffafc99e000 	C:\Program Files\Java\jdk-19\bin\msvcp140.dll
0x00007ffaee590000 - 0x00007ffaef250000 	C:\Program Files\Java\jdk-19\bin\server\jvm.dll
0x00007ffb36100000 - 0x00007ffb36134000 	C:\WINDOWS\SYSTEM32\WINMM.dll
0x00007ffb2d100000 - 0x00007ffb2d109000 	C:\WINDOWS\SYSTEM32\WSOCK32.dll
0x00007ffb465d0000 - 0x00007ffb46641000 	C:\WINDOWS\System32\WS2_32.dll
0x00007ffb42b00000 - 0x00007ffb42b18000 	C:\WINDOWS\SYSTEM32\kernel.appcore.dll
0x00007ffb2d9f0000 - 0x00007ffb2d9fa000 	C:\Program Files\Java\jdk-19\bin\jimage.dll
0x00007ffb38650000 - 0x00007ffb3887e000 	C:\WINDOWS\SYSTEM32\DBGHELP.DLL
0x00007ffb45530000 - 0x00007ffb458b9000 	C:\WINDOWS\System32\combase.dll
0x00007ffb44e80000 - 0x00007ffb44f57000 	C:\WINDOWS\System32\OLEAUT32.dll
0x00007ffb38090000 - 0x00007ffb380c2000 	C:\WINDOWS\SYSTEM32\dbgcore.DLL
0x00007ffb44410000 - 0x00007ffb4448b000 	C:\WINDOWS\System32\bcryptPrimitives.dll
0x00007ffb0f9d0000 - 0x00007ffb0f9f6000 	C:\Program Files\Java\jdk-19\bin\java.dll
0x00007ffaefd40000 - 0x00007ffaefe17000 	C:\Program Files\Java\jdk-19\bin\jsvml.dll
0x00007ffb45a10000 - 0x00007ffb4620a000 	C:\WINDOWS\System32\SHELL32.dll
0x00007ffb41ab0000 - 0x00007ffb4237e000 	C:\WINDOWS\SYSTEM32\windows.storage.dll
0x00007ffb41970000 - 0x00007ffb41aae000 	C:\WINDOWS\SYSTEM32\wintypes.dll
0x00007ffb46470000 - 0x00007ffb46561000 	C:\WINDOWS\System32\SHCORE.dll
0x00007ffb44b50000 - 0x00007ffb44bae000 	C:\WINDOWS\System32\shlwapi.dll
0x00007ffb439e0000 - 0x00007ffb43a01000 	C:\WINDOWS\SYSTEM32\profapi.dll
0x00007ffb0fcc0000 - 0x00007ffb0fcd3000 	C:\Program Files\Java\jdk-19\bin\net.dll
0x00007ffb37300000 - 0x00007ffb37437000 	C:\WINDOWS\SYSTEM32\WINHTTP.dll
0x00007ffb42f70000 - 0x00007ffb42fd9000 	C:\WINDOWS\system32\mswsock.dll
0x00007ffb0f9b0000 - 0x00007ffb0f9c6000 	C:\Program Files\Java\jdk-19\bin\nio.dll
0x00007ffb0f990000 - 0x00007ffb0f9a8000 	C:\Program Files\Java\jdk-19\bin\zip.dll
0x00007ffaefba0000 - 0x00007ffaefd31000 	C:\Program Files\Java\jdk-19\bin\awt.dll
0x00007ffb40be0000 - 0x00007ffb40c77000 	C:\WINDOWS\SYSTEM32\apphelp.dll
0x00007ffb41690000 - 0x00007ffb416bb000 	C:\WINDOWS\system32\DWMAPI.DLL
0x00007ffb41460000 - 0x00007ffb4150b000 	C:\WINDOWS\system32\uxtheme.dll
0x00007ffb25980000 - 0x00007ffb25a80000 	C:\WINDOWS\system32\opengl32.dll
0x00007ffb36960000 - 0x00007ffb3698d000 	C:\WINDOWS\SYSTEM32\GLU32.dll
0x00007ffb41540000 - 0x00007ffb41576000 	C:\WINDOWS\SYSTEM32\dxcore.dll
0x00007ffb458d0000 - 0x00007ffb459ee000 	C:\WINDOWS\System32\MSCTF.dll
0x00007ffb44bb0000 - 0x00007ffb44d4c000 	C:\WINDOWS\System32\ole32.dll

dbghelp: loaded successfully - version: 4.0.5 - missing functions: none
symbol engine: initialized successfully - sym options: 0x614 - pdb path: .;C:\Program Files\Java\jdk-19\bin;C:\WINDOWS\SYSTEM32;C:\WINDOWS\WinSxS\amd64_microsoft.windows.common-controls_6595b64144ccf1df_6.0.22621.1635_none_270f70857386168e;C:\Program Files\Java\jdk-19\bin\server

VM Arguments:
jvm_args: -Dfile.encoding=UTF-8 --module-path=C:\Users\SACHIN\Documents\NetBeansProjects\Travel Management System\build\classes 
java_command: travel.management.system.AddCustomer
java_class_path (initial): D:\mysql-connector-java-8.0.28.jar;C:\Users\SACHIN\Documents\NetBeansProjects\Travel Management System\build\classes
Launcher Type: SUN_STANDARD

[Global flags]
     intx CICompilerCount                          = 3                                         {product} {ergonomic}
     uint ConcGCThreads                            = 1                                         {product} {ergonomic}
     uint G1ConcRefinementThreads                  = 4                                         {product} {ergonomic}
   size_t G1HeapRegionSize                         = 1048576                                   {product} {ergonomic}
    uintx GCDrainStackTargetSize                   = 64                                        {product} {ergonomic}
   size_t InitialHeapSize                          = 65011712                                  {product} {ergonomic}
   size_t MarkStackSize                            = 4194304                                   {product} {ergonomic}
   size_t MaxHeapSize                              = 1031798784                                {product} {ergonomic}
   size_t MaxNewSize                               = 618659840                                 {product} {ergonomic}
   size_t MinHeapDeltaBytes                        = 1048576                                   {product} {ergonomic}
   size_t MinHeapSize                              = 8388608                                   {product} {ergonomic}
    uintx NonNMethodCodeHeapSize                   = 5832780                                {pd product} {ergonomic}
    uintx NonProfiledCodeHeapSize                  = 122912730                              {pd product} {ergonomic}
    uintx ProfiledCodeHeapSize                     = 122912730                              {pd product} {ergonomic}
    uintx ReservedCodeCacheSize                    = 251658240                              {pd product} {ergonomic}
     bool SegmentedCodeCache                       = true                                      {product} {ergonomic}
   size_t SoftMaxHeapSize                          = 1031798784                             {manageable} {ergonomic}
     bool UseCompressedClassPointers               = true                           {product lp64_product} {ergonomic}
     bool UseCompressedOops                        = true                           {product lp64_product} {ergonomic}
     bool UseG1GC                                  = true                                      {product} {ergonomic}
     bool UseLargePagesIndividualAllocation        = false                                  {pd product} {ergonomic}

Logging:
Log output configuration:
 #0: stdout all=warning uptime,level,tags foldmultilines=false
 #1: stderr all=off uptime,level,tags foldmultilines=false

Environment Variables:
PATH=C:\Program Files\Common Files\Oracle\Java\javapath;C:\WINDOWS\system32;C:\WINDOWS;C:\WINDOWS\System32\Wbem;C:\WINDOWS\System32\WindowsPowerShell\v1.0\;C:\WINDOWS\System32\OpenSSH\;C:\Program Files\MySQL\MySQL Server 8.0\bin;C:\Program Files\Java\jdk-19\bin;C:\Program Files\Java\jdk-19\bin;C:\Program Files\MySQL\MySQL Shell 8.0\bin\;C:\Users\SACHIN\AppData\Local\Programs\Python\Python311\Scripts\;C:\Users\SACHIN\AppData\Local\Programs\Python\Python311\;C:\Users\SACHIN\AppData\Local\Microsoft\WindowsApps;;C:\Users\SACHIN\AppData\Local\Programs\Microsoft VS Code\bin
USERNAME=SACHIN
OS=Windows_NT
PROCESSOR_IDENTIFIER=Intel64 Family 6 Model 142 Stepping 12, GenuineIntel
TMP=C:\Users\SACHIN\AppData\Local\Temp
TEMP=C:\Users\SACHIN\AppData\Local\Temp



---------------  S Y S T E M  ---------------

OS:
 Windows 11 , 64 bit Build 22621 (10.0.22621.1635)
OS uptime: 32 days 18:18 hours

CPU: total 4 (initial active 4) (2 cores per cpu, 2 threads per core) family 6 model 142 stepping 12 microcode 0xea, cx8, cmov, fxsr, ht, mmx, 3dnowpref, sse, sse2, sse3, ssse3, sse4.1, sse4.2, popcnt, lzcnt, tsc, tscinvbit, avx, avx2, aes, erms, clmul, bmi1, bmi2, adx, fma, vzeroupper, clflush, clflushopt, rdtscp

Memory: 4k page, system-wide physical 3930M (9M free)
TotalPageFile size 16218M (AvailPageFile size 0M)
current process WorkingSet (physical memory assigned to process): 40M, peak: 40M
current process commit charge ("private bytes"): 139M, peak: 139M

vm_info: Java HotSpot(TM) 64-Bit Server VM (19.0.2+7-44) for windows-amd64 JRE (19.0.2+7-44), built on 2022-11-30T18:02:09Z by "mach5one" with MS VC++ 17.1 (VS2022)

END.
